*------------------------------------------------------------*
* Score Log
Date:                03 December 2021
Time:                20:02:43
*------------------------------------------------------------*
NOTE: This SAS session is using a registry in WORK.  All changes will be lost at the end of this session.
11909  data work.outkey;
11910  set EMWS1.Neural5_OUTKEY;
11911  if upcase(ROLE) in('HIDDEN', 'STANDARD');
11912  run;

NOTE: There were 59 observations read from the data set EMWS1.NEURAL5_OUTKEY.
NOTE: The data set WORK.OUTKEY has 13 observations and 8 variables.
NOTE: DATA statement used (Total process time):
      real time           0.01 seconds
      cpu time            0.00 seconds
      

11913  filename emflow "H:\DMU_Final Year\Data Mining\FinalCW\FinalCourseWork\Workspaces\EMWS1\Neural5\EMFLOWSCORE.sas";
11914  *------------------------------------------------------------*;
11915  * Neural5: Scoring DATA data;
11916  *------------------------------------------------------------*;
11917  data EMWS1.Neural5_TRAIN
11918  / view=EMWS1.Neural5_TRAIN
11919  ;
11920  set EMWS1.Trans_TRAIN
11921  ;
11922  %inc emflow;
12724  run;

NOTE: DATA STEP view saved on file EMWS1.NEURAL5_TRAIN.
NOTE: A stored DATA STEP view cannot run under a different operating system.
NOTE: View EMWS1.TRANS_TRAIN.VIEW used (Total process time):
      real time           0.06 seconds
      cpu time            0.04 seconds
      
NOTE: DATA statement used (Total process time):
      real time           0.07 seconds
      cpu time            0.07 seconds
      

12725  quit;
12726  filename emflow;
NOTE: Fileref EMFLOW has been deassigned.

12727  filename emflow "H:\DMU_Final Year\Data Mining\FinalCW\FinalCourseWork\Workspaces\EMWS1\Neural5\EMFLOWSCORE.sas";
12728  *------------------------------------------------------------*;
12729  * Neural5: Scoring VALIDATE data;
12730  *------------------------------------------------------------*;
12731  data EMWS1.Neural5_VALIDATE
12732  / view=EMWS1.Neural5_VALIDATE
12733  ;
12734  set EMWS1.Trans_VALIDATE
12735  ;
12736  %inc emflow;
13538  run;

NOTE: DATA STEP view saved on file EMWS1.NEURAL5_VALIDATE.
NOTE: A stored DATA STEP view cannot run under a different operating system.
NOTE: View EMWS1.TRANS_VALIDATE.VIEW used (Total process time):
      real time           0.06 seconds
      cpu time            0.01 seconds
      
NOTE: DATA statement used (Total process time):
      real time           0.07 seconds
      cpu time            0.01 seconds
      

13539  quit;
13540  filename emflow;
NOTE: Fileref EMFLOW has been deassigned.

13541  filename emflow "H:\DMU_Final Year\Data Mining\FinalCW\FinalCourseWork\Workspaces\EMWS1\Neural5\EMFLOWSCORE.sas";
13542  *------------------------------------------------------------*;
13543  * Neural5: Scoring TEST data;
13544  *------------------------------------------------------------*;
13545  data EMWS1.Neural5_TEST
13546  / view=EMWS1.Neural5_TEST
13547  ;
13548  set EMWS1.Trans_TEST
13549  ;
13550  %inc emflow;
14352  run;

NOTE: DATA STEP view saved on file EMWS1.NEURAL5_TEST.
NOTE: A stored DATA STEP view cannot run under a different operating system.
NOTE: View EMWS1.TRANS_TEST.VIEW used (Total process time):
      real time           0.07 seconds
      cpu time            0.03 seconds
      
NOTE: DATA statement used (Total process time):
      real time           0.08 seconds
      cpu time            0.03 seconds
      

14353  quit;
14354  filename emflow;
NOTE: Fileref EMFLOW has been deassigned.

14355  *------------------------------------------------------------*;
14356  * Neural5: Computing metadata for TRAIN data;
14357  *------------------------------------------------------------*;

NOTE: View EMWS1.NEURAL5_TRAIN.VIEW used (Total process time):
      real time           0.06 seconds
      cpu time            0.07 seconds
      
14702  data EMWS1.Neural5_EMINFO;
14703  length TARGET KEY $32 DATA $43;
14704  input TARGET KEY DATA $;
14705  cards;

NOTE: The data set EMWS1.NEURAL5_EMINFO has 3 observations and 3 variables.
NOTE: DATA statement used (Total process time):
      real time           0.02 seconds
      cpu time            0.00 seconds
      

14709  run;
14710  proc sort data = EMWS1.Neural5_EMINFO NOTHREADS;
14711  by TARGET KEY;
14712  run;

NOTE: There were 3 observations read from the data set EMWS1.NEURAL5_EMINFO.
NOTE: The data set EMWS1.NEURAL5_EMINFO has 3 observations and 3 variables.
NOTE: PROCEDURE SORT used (Total process time):
      real time           0.05 seconds
      cpu time            0.00 seconds
      

14713  proc sort data = EMWS1.FIMPORT_EMINFO OUT=WORK.SORTEDEMINFO NOTHREADS;
14714  by TARGET KEY;
14715  run;

NOTE: There were 1 observations read from the data set EMWS1.FIMPORT_EMINFO.
NOTE: The data set WORK.SORTEDEMINFO has 1 observations and 3 variables.
NOTE: PROCEDURE SORT used (Total process time):
      real time           0.01 seconds
      cpu time            0.00 seconds
      

14716  proc sort data = EMWS1.Neural5_EMINFO OUT=WORK.TEMP_INFO NOTHREADS;
14717  by TARGET KEY;
14718  run;

NOTE: Input data set is already sorted; it has been copied to the output data set.
NOTE: There were 3 observations read from the data set EMWS1.NEURAL5_EMINFO.
NOTE: The data set WORK.TEMP_INFO has 3 observations and 3 variables.
NOTE: PROCEDURE SORT used (Total process time):
      real time           0.01 seconds
      cpu time            0.00 seconds
      

14719  data EMWS1.Neural5_EMINFO;
14720  merge WORK.SORTEDEMINFO WORK.TEMP_INFO;
14721  by TARGET KEY;
14722  run;

NOTE: There were 1 observations read from the data set WORK.SORTEDEMINFO.
NOTE: There were 3 observations read from the data set WORK.TEMP_INFO.
NOTE: The data set EMWS1.NEURAL5_EMINFO has 4 observations and 3 variables.
NOTE: DATA statement used (Total process time):
      real time           0.03 seconds
      cpu time            0.00 seconds
      

14723  proc datasets lib=work nolist;
14724  delete TEMP_INFO SORTEDEMINFO;
14725  run;

NOTE: Deleting WORK.TEMP_INFO (memtype=DATA).
NOTE: Deleting WORK.SORTEDEMINFO (memtype=DATA).
14726  quit;

NOTE: PROCEDURE DATASETS used (Total process time):
      real time           0.01 seconds
      cpu time            0.01 seconds
      

NOTE: View EMWS1.NEURAL5_TRAIN.VIEW used (Total process time):
      real time           0.06 seconds
      cpu time            0.06 seconds
      
NOTE: View EMWS1.NEURAL5_VALIDATE.VIEW used (Total process time):
      real time           0.06 seconds
      cpu time            0.06 seconds
      
NOTE: View EMWS1.NEURAL5_TEST.VIEW used (Total process time):
      real time           0.07 seconds
      cpu time            0.06 seconds
      
