 
                                                                                                                                                                                                                                                                
 
 
Fit Statistics

Target=ORGYN Target Label=' '

   Fit
Statistics    Statistics Label                    Train    Validation       Test

 _AIC_        Akaike's Information Criterion    3525.07          .           .  
 _ASE_        Average Squared Error                0.14         0.14        0.14
 _AVERR_      Average Error Function               0.44         0.44        0.44
 _DFE_        Degrees of Freedom for Error      3987.00          .           .  
 _DFM_        Model Degrees of Freedom            13.00          .           .  
 _DFT_        Total Degrees of Freedom          4000.00          .           .  
 _DIV_        Divisor for ASE                   8000.00      6000.00     6000.00
 _ERR_        Error Function                    3499.07      2650.96     2639.37
 _FPE_        Final Prediction Error               0.14          .           .  
 _MAX_        Maximum Absolute Error               0.99         0.99        0.98
 _MSE_        Mean Square Error                    0.14         0.14        0.14
 _NOBS_       Sum of Frequencies                4000.00      3000.00     3000.00
 _NW_         Number of Estimate Weights          13.00          .           .  
 _RASE_       Root Average Sum of Squares          0.37         0.37        0.37
 _RFPE_       Root Final Prediction Error          0.37          .           .  
 _RMSE_       Root Mean Squared Error              0.37         0.37        0.37
 _SBC_        Schwarz's Bayesian Criterion      3606.89          .           .  
 _SSE_        Sum of Squared Errors             1111.07       836.36      840.34
 _SUMW_       Sum of Case Weights Times Freq    8000.00      6000.00     6000.00
 _MISC_       Misclassification Rate               0.20         0.19        0.20
 
                                                                                                                                                                                                                                                                
 
 
Classification Table

Data Role=TRAIN Target Variable=ORGYN Target Label=' '

                       Target        Outcome     Frequency       Total
Target    Outcome    Percentage    Percentage      Count      Percentage

  0          0         82.2887       94.5803        2862         71.55  
  1          0         17.7113       63.2444         616         15.40  
  0          1         31.4176        5.4197         164          4.10  
  1          1         68.5824       36.7556         358          8.95  


Data Role=VALIDATE Target Variable=ORGYN Target Label=' '

                       Target        Outcome     Frequency       Total
Target    Outcome    Percentage    Percentage      Count      Percentage

  0          0         81.9962       95.9031        2177        72.5667 
  1          0         18.0038       65.4795         478        15.9333 
  0          1         26.9565        4.0969          93         3.1000 
  1          1         73.0435       34.5205         252         8.4000 
 
                                                                                                                                                                                                                                                                
 
 
Event Classification Table

Data Role=TRAIN Target=ORGYN Target Label=' '

  False       True        False       True
Negative    Negative    Positive    Positive

   616        2862         164         358  


Data Role=VALIDATE Target=ORGYN Target Label=' '

  False       True        False       True
Negative    Negative    Positive    Positive

   478        2177         93          252  
 
                                                                                                                                                                                                                                                                
 
 
Assessment Score Rankings

Data Role=TRAIN Target Variable=ORGYN Target Label=' '

                                                                                           Mean
                               Cumulative        %       Cumulative      Number of      Posterior
Depth       Gain      Lift        Lift       Response    % Response    Observations    Probability

   5     255.236    3.55236      3.55236       86.5        86.5000          200          0.81078  
  10     203.901    2.52567      3.03901       61.5        74.0000          200          0.61392  
  15     175.838    2.19713      2.75838       53.5        67.1667          200          0.51091  
  20     152.567    1.82752      2.52567       44.5        61.5000          200          0.43575  
  25     131.622    1.47844      2.31622       36.0        56.4000          200          0.37474  
  30     112.868    1.19097      2.12868       29.0        51.8333          200          0.32439  
  35      95.365    0.90349      1.95365       22.0        47.5714          200          0.28167  
  40      82.495    0.92402      1.82495       22.5        44.4375          200          0.24539  
  45      70.431    0.73922      1.70431       18.0        41.5000          200          0.21626  
  50      62.012    0.86242      1.62012       21.0        39.4500          200          0.18905  
  55      52.511    0.57495      1.52511       14.0        37.1364          200          0.16509  
  60      45.791    0.71869      1.45791       17.5        35.5000          200          0.14392  
  65      38.525    0.51335      1.38525       12.5        33.7308          200          0.12386  
  70      31.710    0.43121      1.31710       10.5        32.0714          200          0.10714  
  75      24.846    0.28747      1.24846        7.0        30.4000          200          0.09031  
  80      18.968    0.30801      1.18968        7.5        28.9688          200          0.07523  
  85      13.419    0.24641      1.13419        6.0        27.6176          200          0.06208  
  90       9.058    0.34908      1.09058        8.5        26.5556          200          0.04841  
  95       4.939    0.30801      1.04939        7.5        25.5526          200          0.03394  
 100       0.000    0.06160      1.00000        1.5        24.3500          200          0.01716  


Data Role=VALIDATE Target Variable=ORGYN Target Label=' '

                                                                                           Mean
                               Cumulative        %       Cumulative      Number of      Posterior
Depth       Gain      Lift        Lift       Response    % Response    Observations    Probability

   5     264.384    3.64384      3.64384      88.6667      88.6667          150          0.80121  
  10     209.589    2.54795      3.09589      62.0000      75.3333          150          0.59004  
  15     177.626    2.13699      2.77626      52.0000      67.5556          150          0.48802  
  20     154.110    1.83562      2.54110      44.6667      61.8333          150          0.41647  
  25     135.616    1.61644      2.35616      39.3333      57.3333          150          0.36230  
  30     110.046    0.82192      2.10046      20.0000      51.1111          150          0.31076  
  35      93.346    0.93151      1.93346      22.6667      47.0476          150          0.27137  
  40      79.795    0.84932      1.79795      20.6667      43.7500          150          0.23725  
  45      67.428    0.68493      1.67428      16.6667      40.7407          150          0.21033  
  50      56.986    0.63014      1.56986      15.3333      38.2000          150          0.18331  
  55      47.945    0.57534      1.47945      14.0000      36.0000          150          0.16080  
  60      41.096    0.65753      1.41096      16.0000      34.3333          150          0.14229  
  65      35.511    0.68493      1.35511      16.6667      32.9744          150          0.12495  
  70      29.159    0.46575      1.29159      11.3333      31.4286          150          0.11015  
  75      24.018    0.52055      1.24018      12.6667      30.1778          150          0.09556  
  80      18.493    0.35616      1.18493       8.6667      28.8333          150          0.07985  
  85      12.812    0.21918      1.12812       5.3333      27.4510          150          0.06484  
  90       8.524    0.35616      1.08524       8.6667      26.4074          150          0.05129  
  95       4.542    0.32877      1.04542       8.0000      25.4386          150          0.03551  
 100       0.000    0.13699      1.00000       3.3333      24.3333          150          0.01770  
 
                                                                                                                                                                                                                                                                
 
 
Assessment Score Distribution

Data Role=TRAIN Target Variable=ORGYN Target Label=' '

 Posterior     Number                     Mean
Probability      of      Number of     Posterior
   Range       Events    Nonevents    Probability    Percentage

 0.95-1.00       17           0         0.97632         0.425  
 0.90-0.95       22           0         0.92537         0.550  
 0.85-0.90       26           5         0.87262         0.775  
 0.80-0.85       25           4         0.82263         0.725  
 0.75-0.80       28           7         0.77201         0.875  
 0.70-0.75       41           8         0.72415         1.225  
 0.65-0.70       44          17         0.67518         1.525  
 0.60-0.65       43          30         0.62354         1.825  
 0.55-0.60       53          38         0.57471         2.275  
 0.50-0.55       59          55         0.52549         2.850  
 0.45-0.50       67          62         0.47436         3.225  
 0.40-0.45       69          87         0.42704         3.900  
 0.35-0.40       66         120         0.37468         4.650  
 0.30-0.35       64         154         0.32404         5.450  
 0.25-0.30       56         195         0.27472         6.275  
 0.20-0.25       69         280         0.22521         8.725  
 0.15-0.20       74         359         0.17389        10.825  
 0.10-0.15       74         459         0.12389        13.325  
 0.05-0.10       52         652         0.07399        17.600  
 0.00-0.05       25         494         0.03010        12.975  


Data Role=VALIDATE Target Variable=ORGYN Target Label=' '

 Posterior     Number                     Mean
Probability      of      Number of     Posterior
   Range       Events    Nonevents    Probability    Percentage

 0.95-1.00        7           0         0.96759         0.2333 
 0.90-0.95       23           0         0.92462         0.7667 
 0.85-0.90       15           0         0.87389         0.5000 
 0.80-0.85       20           1         0.82700         0.7000 
 0.75-0.80       30           7         0.77410         1.2333 
 0.70-0.75       22           4         0.72251         0.8667 
 0.65-0.70       27          11         0.66907         1.2667 
 0.60-0.65       26          17         0.61731         1.4333 
 0.55-0.60       35          25         0.57614         2.0000 
 0.50-0.55       47          28         0.52556         2.5000 
 0.45-0.50       51          51         0.47691         3.4000 
 0.40-0.45       57          69         0.42238         4.2000 
 0.35-0.40       60          83         0.37270         4.7667 
 0.30-0.35       29         119         0.32187         4.9333 
 0.25-0.30       48         153         0.27417         6.7000 
 0.20-0.25       50         221         0.22353         9.0333 
 0.15-0.20       51         282         0.17196        11.1000 
 0.10-0.15       65         399         0.12303        15.4667 
 0.05-0.10       46         460         0.07412        16.8667 
 0.00-0.05       21         340         0.03011        12.0333 
