 
                                                                                                                                                                                                                                                                
 
 
Variable Summary

            Measurement    Frequency
Role           Level         Count

INPUT        INTERVAL          8    
INPUT        NOMINAL           6    
REJECTED     INTERVAL          2    
TARGET       BINARY            1    
 
                                                                                                                                                                                                                                                                
 
 
Model Events

                                  Number
                   Measurement      of
Target    Event       Level       Levels      Order       Label

ORGYN       1        BINARY          2      Descending         
 
                                                                                                                                                                                                                                                                
 
 
Predicted and decision variables

Type         Variable    Label

TARGET       ORGYN                         
PREDICTED    P_ORGYN1    Predicted: ORGYN=1
RESIDUAL     R_ORGYN1    Residual: ORGYN=1 
PREDICTED    P_ORGYN0    Predicted: ORGYN=0
RESIDUAL     R_ORGYN0    Residual: ORGYN=0 
FROM         F_ORGYN     From: ORGYN       
INTO         I_ORGYN     Into: ORGYN       
 
                                                                                                                                                                                                                                                                
 
 

The DMREG Procedure

                Model Information

Training Data Set              WORK.EM_DMREG.VIEW
DMDB Catalog                   WORK.REG8_DMDB    
Target Variable                ORGYN             
Target Measurement Level       Ordinal           
Number of Target Categories    2                 
Error                          MBernoulli        
Link Function                  Logit             
Number of Model Parameters     40                
Number of Observations         2775              


         Target Profile
 
 Ordered                   Total
   Value     ORGYN     Frequency

       1     1               719
       2     0              2056




Stepwise Selection Procedure


Step 0: Intercept entered.
 
                                                                                                                                                                                                                                                                
 
 

The DMREG Procedure

Newton-Raphson Ridge Optimization

Without Parameter Scaling

Parameter Estimates               1

                                             Optimization Start

Active Constraints                                  0  Objective Function                       1587.6121662
Max Abs Gradient Element                 6.048495E-13                                                       

                                            Optimization Results

Iterations                                          0  Function Calls                                      3
Hessian Calls                                       1  Active Constraints                                  0
Objective Function                       1587.6121662  Max Abs Gradient Element                 6.048495E-13
Ridge                                               0  Actual Over Pred Change                             0

Convergence criterion (ABSGCONV=0.00001) satisfied.                                               


     Likelihood Ratio Test for Global Null Hypothesis: BETA=0
 
     -2 Log Likelihood          Likelihood
  Intercept     Intercept &          Ratio
       Only      Covariates     Chi-Square       DF     Pr > ChiSq

   3175.224        3175.224         0.0000        0          .    




                                  Analysis of Maximum Likelihood Estimates
 
                                            Standard          Wald                  Standardized
Parameter                 DF    Estimate       Error    Chi-Square    Pr > ChiSq        Estimate    Exp(Est)

Intercept                  1     -1.0507      0.0433        588.04        <.0001                       0.350




Step 1: Effect AFFL entered.
 
                                                                                                                                                                                                                                                                
 
 

The DMREG Procedure

Newton-Raphson Ridge Optimization

Without Parameter Scaling

Parameter Estimates               2

                                             Optimization Start

Active Constraints                                  0  Objective Function                       1587.6121662
Max Abs Gradient Element                 151.32912913                                                       


                                                                                                        Ratio
                                                                                                      Between
                                                                                                       Actual
                                                                 Objective     Max Abs                    and
                     Function         Active        Objective     Function    Gradient              Predicted
Iter     Restarts       Calls    Constraints         Function       Change     Element     Ridge       Change

   1            0           2              0             1421        166.9     64.3694         0        0.985
   2            0           3              0             1416       4.6935      2.3480         0        1.028
   3            0           4              0             1416       0.0110     0.00697         0        1.002
   4            0           5              0             1416     1.309E-7    7.995E-8         0        1.000

                                            Optimization Results

Iterations                                          4  Function Calls                                      7
Hessian Calls                                       5  Active Constraints                                  0
Objective Function                       1416.0369621  Max Abs Gradient Element                 7.9951274E-8
Ridge                                               0  Actual Over Pred Change                  1.0000230008

Convergence criterion (GCONV=1E-6) satisfied.                                                     


     Likelihood Ratio Test for Global Null Hypothesis: BETA=0
 
     -2 Log Likelihood          Likelihood
  Intercept     Intercept &          Ratio
       Only      Covariates     Chi-Square       DF     Pr > ChiSq

   3175.224        2832.074       343.1504        1         <.0001


         Type 3 Analysis of Effects
 
                          Wald
Effect        DF    Chi-Square    Pr > ChiSq

AFFL           1      293.0237        <.0001


                                  Analysis of Maximum Likelihood Estimates
 
                                            Standard          Wald                  Standardized
Parameter                 DF    Estimate       Error    Chi-Square    Pr > ChiSq        Estimate    Exp(Est)

Intercept                  1     -3.4802      0.1556        499.98        <.0001                       0.031
AFFL                       1      0.2634      0.0154        293.02        <.0001          0.4656       1.301


             Odds Ratio Estimates
                       
                                          Point
Effect                                 Estimate

AFFL                                      1.301


Step 2: Effect AGE entered.
 
                                                                                                                                                                                                                                                                
 
 

The DMREG Procedure

Newton-Raphson Ridge Optimization

Without Parameter Scaling

Parameter Estimates               3

                                             Optimization Start

Active Constraints                                  0  Objective Function                       1587.6121662
Max Abs Gradient Element                 156.55122139                                                       


                                                                                                        Ratio
                                                                                                      Between
                                                                                                       Actual
                                                                 Objective     Max Abs                    and
                     Function         Active        Objective     Function    Gradient              Predicted
Iter     Restarts       Calls    Constraints         Function       Change     Element     Ridge       Change

   1            0           2              0             1326        261.8     92.5356         0        1.009
   2            0           3              0             1312      13.4333      7.2936         0        1.066
   3            0           4              0             1312       0.1655      0.1045         0        1.011
   4            0           5              0             1312     0.000044    0.000027         0        1.000

                                            Optimization Results

Iterations                                          4  Function Calls                                      7
Hessian Calls                                       5  Active Constraints                                  0
Objective Function                        1312.238538  Max Abs Gradient Element                 0.0000272569
Ridge                                               0  Actual Over Pred Change                  1.0001829239

Convergence criterion (GCONV=1E-6) satisfied.                                                     


     Likelihood Ratio Test for Global Null Hypothesis: BETA=0
 
     -2 Log Likelihood          Likelihood
  Intercept     Intercept &          Ratio
       Only      Covariates     Chi-Square       DF     Pr > ChiSq

   3175.224        2624.477       550.7473        2         <.0001


         Type 3 Analysis of Effects
 
                          Wald
Effect        DF    Chi-Square    Pr > ChiSq

AFFL           1      252.4902        <.0001
AGE            1      185.9541        <.0001


                                  Analysis of Maximum Likelihood Estimates
 
                                            Standard          Wald                  Standardized
Parameter                 DF    Estimate       Error    Chi-Square    Pr > ChiSq        Estimate    Exp(Est)

Intercept                  1     -0.6774      0.2458          7.59        0.0059                       0.508
AFFL                       1      0.2562      0.0161        252.49        <.0001          0.4530       1.292
AGE                        1     -0.0535     0.00392        185.95        <.0001         -0.3884       0.948


             Odds Ratio Estimates
                       
                                          Point
Effect                                 Estimate

AFFL                                      1.292
AGE                                       0.948


Step 3: Effect GENDER entered.
 
                                                                                                                                                                                                                                                                
 
 

The DMREG Procedure

Newton-Raphson Ridge Optimization

Without Parameter Scaling

Parameter Estimates               5

                                             Optimization Start

Active Constraints                                  0  Objective Function                       1587.6121662
Max Abs Gradient Element                 187.76036036                                                       


                                                                                                        Ratio
                                                                                                      Between
                                                                                                       Actual
                                                                 Objective     Max Abs                    and
                     Function         Active        Objective     Function    Gradient              Predicted
Iter     Restarts       Calls    Constraints         Function       Change     Element     Ridge       Change

   1            0           2              0             1266        321.4       109.1         0        1.028
   2            0           3              0             1240      26.2394     13.6431         0        1.120
   3            0           4              0             1238       1.4887      0.9259         0        1.073
   4            0           5              0             1238       0.0254      0.0188         0        1.017
   5            0           6              0             1238     0.000018    0.000014         0        1.001

                                            Optimization Results

Iterations                                          5  Function Calls                                      8
Hessian Calls                                       6  Active Constraints                                  0
Objective Function                       1238.4142838  Max Abs Gradient Element                 0.0000138685
Ridge                                               0  Actual Over Pred Change                  1.0005005257

Convergence criterion (GCONV=1E-6) satisfied.                                                     


     Likelihood Ratio Test for Global Null Hypothesis: BETA=0
 
     -2 Log Likelihood          Likelihood
  Intercept     Intercept &          Ratio
       Only      Covariates     Chi-Square       DF     Pr > ChiSq

   3175.224        2476.829       698.3958        4         <.0001


         Type 3 Analysis of Effects
 
                          Wald
Effect        DF    Chi-Square    Pr > ChiSq

AFFL           1      238.6501        <.0001
AGE            1      169.2540        <.0001
GENDER         2      114.3284        <.0001


                                  Analysis of Maximum Likelihood Estimates
 
                                            Standard          Wald                  Standardized
Parameter                 DF    Estimate       Error    Chi-Square    Pr > ChiSq        Estimate    Exp(Est)

Intercept                  1     -1.4955      0.2756         29.45        <.0001                       0.224
AFFL                       1      0.2563      0.0166        238.65        <.0001          0.4532       1.292
AGE                        1     -0.0525     0.00403        169.25        <.0001         -0.3809       0.949
GENDER    F                1      1.1354      0.1205         88.74        <.0001                       3.113
GENDER    M                1      0.0912      0.1314          0.48        0.4876                       1.095


             Odds Ratio Estimates
                       
                                          Point
Effect                                 Estimate

AFFL                                      1.292
AGE                                       0.949
GENDER F vs U                            10.613
GENDER M vs U                             3.735


Step 4: Effect REGION entered.
 
                                                                                                                                                                                                                                                                
 
 

The DMREG Procedure

Newton-Raphson Ridge Optimization

Without Parameter Scaling

Parameter Estimates               9

                                             Optimization Start

Active Constraints                                  0  Objective Function                       1587.6121662
Max Abs Gradient Element                 187.76036036                                                       


                                                                                                        Ratio
                                                                                                      Between
                                                                                                       Actual
                                                                 Objective     Max Abs                    and
                     Function         Active        Objective     Function    Gradient              Predicted
Iter     Restarts       Calls    Constraints         Function       Change     Element     Ridge       Change

   1            0           2              0             1261        326.3       110.1         0        1.029
   2            0           3              0             1234      26.9586     13.9724         0        1.121
   3            0           4              0             1233       1.5515      0.9608         0        1.074
   4            0           5              0             1233       0.0270      0.0200         0        1.018
   5            0           6              0             1233     0.000020    0.000016         0        1.001

                                            Optimization Results

Iterations                                          5  Function Calls                                      8
Hessian Calls                                       6  Active Constraints                                  0
Objective Function                       1232.7905027  Max Abs Gradient Element                 0.0000156676
Ridge                                               0  Actual Over Pred Change                  1.0005334622

Convergence criterion (GCONV=1E-6) satisfied.                                                     


     Likelihood Ratio Test for Global Null Hypothesis: BETA=0
 
     -2 Log Likelihood          Likelihood
  Intercept     Intercept &          Ratio
       Only      Covariates     Chi-Square       DF     Pr > ChiSq

   3175.224        2465.581       709.6433        8         <.0001


         Type 3 Analysis of Effects
 
                          Wald
Effect        DF    Chi-Square    Pr > ChiSq

AFFL           1      235.5673        <.0001
AGE            1      171.6964        <.0001
GENDER         2      115.2272        <.0001
REGION         4       11.1943        0.0245


                                  Analysis of Maximum Likelihood Estimates
 
                                            Standard          Wald                  Standardized
Parameter                 DF    Estimate       Error    Chi-Square    Pr > ChiSq        Estimate    Exp(Est)

Intercept                  1     -1.3558      0.2837         22.83        <.0001                       0.258
AFFL                       1      0.2560      0.0167        235.57        <.0001          0.4525       1.292
AGE                        1     -0.0531     0.00406        171.70        <.0001         -0.3858       0.948
GENDER    F                1      1.1451      0.1210         89.56        <.0001                       3.143
GENDER    M                1      0.0960      0.1318          0.53        0.4663                       1.101
REGION    Midlands         1     -0.0453      0.1019          0.20        0.6566                       0.956
REGION    North            1     -0.3830      0.1165         10.81        0.0010                       0.682
REGION    Scottish         1      0.1836      0.1775          1.07        0.3010                       1.201
REGION    South East       1     -0.1071      0.0966          1.23        0.2678                       0.898


             Odds Ratio Estimates
                       
                                          Point
Effect                                 Estimate

AFFL                                      1.292
AGE                                       0.948
GENDER F vs U                            10.873
GENDER M vs U                             3.808
REGION Midlands vs South West             0.672
REGION North vs South West                0.480
REGION Scottish vs South West             0.845
REGION South East vs South West           0.632


NOTE: No (additional) effects met the 0.05 significance level for entry into the model.


                         Summary of Stepwise Selection
 
            Effect             Number         Score          Wald
    Step    Entered      DF        In    Chi-Square    Chi-Square    Pr > ChiSq

       1    AFFL          1         1      338.7811                      <.0001
       2    AGE           1         2      201.0485                      <.0001
       3    GENDER        2         3      131.5347                      <.0001
       4    REGION        4         4       11.2777                      0.0236


The selected model is the model trained in the last step (Step 4). It consists of the following effects:

Intercept  AFFL  AGE  GENDER  REGION  


     Likelihood Ratio Test for Global Null Hypothesis: BETA=0
 
     -2 Log Likelihood          Likelihood
  Intercept     Intercept &          Ratio
       Only      Covariates     Chi-Square       DF     Pr > ChiSq

   3175.224        2465.581       709.6433        8         <.0001


         Type 3 Analysis of Effects
 
                          Wald
Effect        DF    Chi-Square    Pr > ChiSq

AFFL           1      235.5673        <.0001
AGE            1      171.6964        <.0001
GENDER         2      115.2272        <.0001
REGION         4       11.1943        0.0245


                                  Analysis of Maximum Likelihood Estimates
 
                                            Standard          Wald                  Standardized
Parameter                 DF    Estimate       Error    Chi-Square    Pr > ChiSq        Estimate    Exp(Est)

Intercept                  1     -1.3558      0.2837         22.83        <.0001                       0.258
AFFL                       1      0.2560      0.0167        235.57        <.0001          0.4525       1.292
AGE                        1     -0.0531     0.00406        171.70        <.0001         -0.3858       0.948
GENDER    F                1      1.1451      0.1210         89.56        <.0001                       3.143
GENDER    M                1      0.0960      0.1318          0.53        0.4663                       1.101
REGION    Midlands         1     -0.0453      0.1019          0.20        0.6566                       0.956
REGION    North            1     -0.3830      0.1165         10.81        0.0010                       0.682
REGION    Scottish         1      0.1836      0.1775          1.07        0.3010                       1.201
REGION    South East       1     -0.1071      0.0966          1.23        0.2678                       0.898


             Odds Ratio Estimates
                       
                                          Point
Effect                                 Estimate

AFFL                                      1.292
AGE                                       0.948
GENDER F vs U                            10.873
GENDER M vs U                             3.808
REGION Midlands vs South West             0.672
REGION North vs South West                0.480
REGION Scottish vs South West             0.845
REGION South East vs South West           0.632
