*------------------------------------------------------------*
* Training Log
Date:                29 November 2021
Time:                13:16:04
*------------------------------------------------------------*
11448  proc freq data=EMWS1.Trans_VariableSet noprint;
11449  table ROLE*LEVEL/out=WORK.TransMETA;
11450  run;

NOTE: There were 17 observations read from the data set EMWS1.TRANS_VARIABLESET.
NOTE: The data set WORK.TRANSMETA has 4 observations and 4 variables.
NOTE: PROCEDURE FREQ used (Total process time):
      real time           0.04 seconds
      cpu time            0.00 seconds
      

11451  proc print data=WORK.TransMETA label noobs;
11452  var ROLE LEVEL COUNT;
11453  label ROLE = "%sysfunc(sasmsg(sashelp.dmine, meta_role_vlabel, NOQUOTE))" LEVEL = "%sysfunc(sasmsg(sashelp.dmine, meta_level_vlabel, NOQUOTE))" COUNT = "%sysfunc(sasmsg(sashelp.dmine, rpt_count_vlabel, NOQUOTE))";
11454  title9 ' ';
11455  title10 "%sysfunc(sasmsg(sashelp.dmine, rpt_varSummary_title  , NOQUOTE))";
11456  run;

NOTE: There were 4 observations read from the data set WORK.TRANSMETA.
NOTE: The PROCEDURE PRINT printed page 1.
NOTE: PROCEDURE PRINT used (Total process time):
      real time           0.03 seconds
      cpu time            0.00 seconds
      

11457  title10;

11458  data WORK.M3TU_PA3;
11459  set WORK.M3TU_PA3;
11460  if (METHOD='NONE' and ROLE ne 'FREQ') or (role = 'REJECTED' and METHOD = 'DEFAULT') then delete;
11461  run;

NOTE: There were 17 observations read from the data set WORK.M3TU_PA3.
NOTE: The data set WORK.M3TU_PA3 has 15 observations and 22 variables.
NOTE: DATA statement used (Total process time):
      real time           0.01 seconds
      cpu time            0.00 seconds
      

11526  *------------------------------------------------------------*;
11527  * Trans: Computing Summary Statistics;
11528  *------------------------------------------------------------*;
11529  data WORK.M2XNQDP0;
11530  set WORK.M2XNQDP0;
11531  if (role = 'REJECTED') then role = 'INPUT';
11532  run;

NOTE: There were 15 observations read from the data set WORK.M2XNQDP0.
NOTE: The data set WORK.M2XNQDP0 has 15 observations and 22 variables.
NOTE: DATA statement used (Total process time):
      real time           0.01 seconds
      cpu time            0.00 seconds
      

11533  *------------------------------------------------------------* ;
11534  * EM: DMDBClass Macro ;
11535  *------------------------------------------------------------* ;
11536  %macro DMDBClass;
11537      CLASS(ASC) GENDER(ASC) NGROUP(ASC) OAC(ASC) ORGYN(DESC) REGION(ASC)
11538     TV_REG(ASC)
11539  %mend DMDBClass;
11540  *------------------------------------------------------------* ;
11541  * EM: DMDBVar Macro ;
11542  *------------------------------------------------------------* ;
11543  %macro DMDBVar;
11544      AFFL AGE BILL LTIME S_CONV S_FVEG S_MT S_TOIL
11545  %mend DMDBVar;
11546  *------------------------------------------------------------*;
11547  * EM: Create DMDB;
11548  *------------------------------------------------------------*;
11549  proc dmdb batch data=EMWS1.Part_TRAIN
11550  dmdbcat=WORK.EM_DMDB
11551  classout=WORK.Transclassout
11552  maxlevel = 513
11553  ;
11554  class %DMDBClass;
11555  var %DMDBVar;
11556  target
11557  ORGYN
11558  ;
11559  run;

NOTE: Records processed = 4000   Memory used = 511K.
NOTE: There were 4000 observations read from the data set EMWS1.PART_TRAIN.
NOTE: The data set WORK.TRANSCLASSOUT has 47 observations and 9 variables.
NOTE: PROCEDURE DMDB used (Total process time):
      real time           0.02 seconds
      cpu time            0.00 seconds
      

11560  quit;
11561  *--- end code ---*;

11562  data WORK.TransINTERVALMETA;
11563  set WORK.M3TU_PA3;
11564  if LEVEL ne 'INTERVAL' then delete;
11565  run;

NOTE: There were 15 observations read from the data set WORK.M3TU_PA3.
NOTE: The data set WORK.TRANSINTERVALMETA has 8 observations and 22 variables.
NOTE: DATA statement used (Total process time):
      real time           0.01 seconds
      cpu time            0.00 seconds
      

11566  *------------------------------------------------------------*;
11567  * Trans: Determining Variables to Scale;
11568  *------------------------------------------------------------*;
11569  data WORK.M2LJE5MW;
11570  set WORK.M2LJE5MW;
11571  where (TYPE="N" and (METHOD in("MAX_NORM", "MAX_CORR", "EQUALIZE", "OP_MAX_NORM", "OP_EQUALIZE"))) or (ROLE eq "FREQ");
11572  run;

NOTE: There were 0 observations read from the data set WORK.M2LJE5MW.
      WHERE ((TYPE='N') and METHOD in ('EQUALIZE', 'MAX_CORR', 'MAX_NORM', 'OP_EQUALIZE', 'OP_MAX_NORM')) or (ROLE='FREQ');
NOTE: The data set WORK.M2LJE5MW has 0 observations and 22 variables.
NOTE: DATA statement used (Total process time):
      real time           0.01 seconds
      cpu time            0.00 seconds
      

NOTE: This SAS session is using a registry in WORK.  All changes will be lost at the end of this session.
*------------------------------------------------------------* 
*  Trans: Creating EMWS1.Trans_RESULT 
*------------------------------------------------------------* 
WARNING: Multiple lengths were specified for the BY variable NAME by input data sets. This might cause unexpected results.

NOTE: PROCEDURE DATASETS used (Total process time):
      real time           0.14 seconds
      cpu time            0.07 seconds
      

11659  data EMWS1.Trans_RESULT;
11660  length NAME $32 FORMULA $70 POWER 8 ROLE $32 LEVEL $10 INPUTNAME $32 INPUTTYPE $1 LABEL $44;
11661  label INPUTNAME ='Input Name' NAME='Name' POWER='Power' FORMULA='Formula' ROLE='Role' INPUTLEVEL='Input Level' LEVEL='Level' INPUTTYPE='Input Type' TYPE='Type';
11662  set EMWS1.Trans_RESULT;
11663  if INPUTNAME = '' then INPUTNAME = "Mixture of variables";
11664  run;

NOTE: There were 8 observations read from the data set EMWS1.TRANS_RESULT.
NOTE: The data set EMWS1.TRANS_RESULT has 8 observations and 11 variables.
NOTE: DATA statement used (Total process time):
      real time           0.04 seconds
      cpu time            0.00 seconds
      

11665  data WORK.M1QC6ONO;
11666  set WORK.M1QC6ONO;
11667  if ROLE='REJECTED' then ROLE='INPUT';
11668  run;

NOTE: There were 8 observations read from the data set WORK.M1QC6ONO.
NOTE: The data set WORK.M1QC6ONO has 8 observations and 11 variables.
NOTE: DATA statement used (Total process time):
      real time           0.01 seconds
      cpu time            0.00 seconds
      

*------------------------------------------------------------* 
*  Trans: Computing summary statistics for transformed variables 
*------------------------------------------------------------* 
11870  data WORK.TRANSFOR_2D3BYJE_STATISTIC;
11871  set WORK.Trans_TEMP;
11872  run;

NOTE: There were 8 observations read from the data set WORK.TRANS_TEMP.
NOTE: The data set WORK.TRANSFOR_2D3BYJE_STATISTIC has 8 observations and 10 variables.
NOTE: DATA statement used (Total process time):
      real time           0.01 seconds
      cpu time            0.01 seconds
      

11873  %exploreSample(DATA=EMWS1.Part_TRAIN, OUTPUT=EMWS1.Trans_SAMPLE_DATA, METADATA=EMWS1.Part_CMeta_TRAIN, VARS=, METHOD=FIRSTN, SIZE=DEFAULT, ALPHA=0.01, PVALUE=0.01, SEED=12345);
NOTE: Fileref X has been deassigned.
NOTE: EXPLOREOBS EMWS1.Part_TRAIN : vars= 18 : recl= 136 : max=20000 : def= 2000

NOTE: DATA statement used (Total process time):
      real time           0.00 seconds
      cpu time            0.00 seconds
      

PERFORMANCE  DETAILS
*------------------------------------------------------------*
* FirstN/Top sample
*------------------------------------------------------------*

NOTE: There were 2000 observations read from the data set EMWS1.PART_TRAIN.
NOTE: The data set EMWS1.TRANS_SAMPLE_DATA has 2000 observations and 18 variables.
NOTE: DATA statement used (Total process time):
      real time           0.05 seconds
      cpu time            0.01 seconds
      


12050  proc print data = EMWS1.Trans_RESULT(obs=500) noobs label;
12051  title9 "%sysfunc(sasmsg(sashelp.dmine, rpt_computedtransformations_title, NOQUOTE))";
12052  title10 "%sysfunc(sasmsg(sashelp.dmine, rpt_maxObsPrinted_title, NOQUOTE))";
12053  var INPUTNAME ROLE INPUTLEVEL NAME LEVEL FORMULA;
12054  run;

NOTE: There were 8 observations read from the data set EMWS1.TRANS_RESULT.
NOTE: The PROCEDURE PRINT printed page 2.
NOTE: PROCEDURE PRINT used (Total process time):
      real time           0.01 seconds
      cpu time            0.00 seconds
      

12055  title9;
12056  title10;

