 
                                                                                                                                                                                                                                                                
 
 
Variable Summary

          Measurement    Frequency
 Role        Level         Count

TARGET      BINARY           1    
 
                                                                                                                                                                                                                                                                
 
 

                                                                                    BINNED_KS_
                                                           _KS_PROB_                   PROB_
Obs    TARGET    TARGETLABEL    _AUR_    _GINI_     KS       CUTOFF     _KS_BIN_      CUTOFF

 1     ORGYN                    0.791     0.583    0.46      0.195        0.46         0.256  
 
                                                                                                                                                                                                                                                                
 
 

                                                              _VKS_              _VBINNED_
                                                              PROB_     _VKS_     KS_PROB_
Obs    TARGET    TARGETLABEL    _VAUR_    _VGINI_     VKS    CUTOFF_     BIN_     CUTOFF_

 1     ORGYN                     0.788     0.575     0.46     0.179     0.455      0.224  
 
                                                                                                                                                                                                                                                                
 
 

                                                               _TKS_              _TBINNED_
                                                               PROB_     _TKS_     KS_PROB_
Obs    TARGET    TARGETLABEL    _TAUR_    _TGINI_     TKS     CUTOFF_     BIN_     CUTOFF_

 1     ORGYN                     0.782     0.564     0.442     0.258      0.44      0.256  
 
                                                                                                                                                                                                                                                                
 
 

                                                                                     BINNED_KS_
                                                            _KS_PROB_                   PROB_
Obs    TARGET    TARGETLABEL    _AUR_    _GINI_      KS       CUTOFF     _KS_BIN_      CUTOFF

 1     ORGYN                    0.705     0.41     0.381      0.212        0.379        0.396  
 
                                                                                                                                                                                                                                                                
 
 

                                                               _VKS_              _VBINNED_
                                                               PROB_     _VKS_     KS_PROB_
Obs    TARGET    TARGETLABEL    _VAUR_    _VGINI_     VKS     CUTOFF_     BIN_     CUTOFF_

 1     ORGYN                     0.709     0.417     0.387     0.212     0.384      0.294  
 
                                                                                                                                                                                                                                                                
 
 

                                                               _TKS_              _TBINNED_
                                                               PROB_     _TKS_     KS_PROB_
Obs    TARGET    TARGETLABEL    _TAUR_    _TGINI_     TKS     CUTOFF_     BIN_     CUTOFF_

 1     ORGYN                     0.703     0.406     0.371     0.212      0.37      0.294  
 
                                                                                                                                                                                                                                                                
 
 

                                                                                     BINNED_KS_
                                                            _KS_PROB_                   PROB_
Obs    TARGET    TARGETLABEL    _AUR_    _GINI_      KS       CUTOFF     _KS_BIN_      CUTOFF

 1     ORGYN                    0.759     0.517    0.466      0.212        0.464        0.384  
 
                                                                                                                                                                                                                                                                
 
 

                                                               _VKS_              _VBINNED_
                                                               PROB_     _VKS_     KS_PROB_
Obs    TARGET    TARGETLABEL    _VAUR_    _VGINI_     VKS     CUTOFF_     BIN_     CUTOFF_

 1     ORGYN                     0.759     0.517     0.468     0.212     0.467      0.358  
 
                                                                                                                                                                                                                                                                
 
 

                                                               _TKS_              _TBINNED_
                                                               PROB_     _TKS_     KS_PROB_
Obs    TARGET    TARGETLABEL    _TAUR_    _TGINI_     TKS     CUTOFF_     BIN_     CUTOFF_

 1     ORGYN                     0.745      0.49     0.441     0.212     0.439      0.239  
 
                                                                                                                                                                                                                                                                
 
 

                                                                                     BINNED_KS_
                                                            _KS_PROB_                   PROB_
Obs    TARGET    TARGETLABEL    _AUR_    _GINI_      KS       CUTOFF     _KS_BIN_      CUTOFF

 1     ORGYN                    0.821     0.642    0.485      0.212        0.484        0.267  
 
                                                                                                                                                                                                                                                                
 
 

                                                               _VKS_              _VBINNED_
                                                               PROB_     _VKS_     KS_PROB_
Obs    TARGET    TARGETLABEL    _VAUR_    _VGINI_     VKS     CUTOFF_     BIN_     CUTOFF_

 1     ORGYN                     0.806     0.613     0.463     0.251     0.461      0.346  
 
                                                                                                                                                                                                                                                                
 
 

                                                               _TKS_              _TBINNED_
                                                               PROB_     _TKS_     KS_PROB_
Obs    TARGET    TARGETLABEL    _TAUR_    _TGINI_     TKS     CUTOFF_     BIN_     CUTOFF_

 1     ORGYN                     0.803     0.606     0.466     0.251     0.465       0.24  
 
                                                                                                                                                                                                                                                                
 
 







Fit Statistics
Model Selection based on Valid: Misclassification Rate (_VMISC_)

                                                                    Train:                          Valid:
                                                    Valid:         Average          Train:         Average
Selected    Model                             Misclassification    Squared    Misclassification    Squared
 Model      Node     Model Description               Rate           Error            Rate           Error

   Y        Tree     Decision Tree Default         0.17800         0.13447         0.18900         0.13440
            Tree3    3way Decision Tree            0.17833         0.13574         0.17950         0.13629
            Tree2    Decision Tree Pruned          0.17833         0.13919         0.18825         0.13813
            Tree4    Manual DT                     0.18200         0.14750         0.18775         0.14519
 
                                                                                                                                                                                                                                                                
 
 







Fit Statistics Table
Target: ORGYN

Data Role=Train

Statistics                                                           Tree      Tree3      Tree2      Tree4

Train: Bin-Based Two-Way Kolmogorov-Smirnov Probability Cutoff       0.27       0.26       0.38       0.40
Train: Kolmogorov-Smirnov Statistic                                  0.49       0.46       0.47       0.38
Train: Average Squared Error                                         0.13       0.14       0.14       0.15
Train: Roc Index                                                     0.82       0.79       0.76       0.71
Train: Cumulative Percent Captured Response                         30.21      29.72      30.10      29.82
Train: Percent Captured Response                                    14.85      14.31      14.96      14.86
Selection Criterion: Valid: Misclassification Rate                   0.18       0.18       0.18       0.18
Train: Total Degrees of Freedom                                   4000.00    4000.00    4000.00    4000.00
Train: Divisor for ASE                                            8000.00    8000.00    8000.00    8000.00
Train: Gain                                                        202.13     197.15     201.00     198.23
Train: Gini Coefficient                                              0.64       0.58       0.52       0.41
Train: Bin-Based Two-Way Kolmogorov-Smirnov Statistic                0.48       0.46       0.46       0.38
Train: Kolmogorov-Smirnov Probability Cutoff                         0.21       0.20       0.21       0.21
Train: Cumulative Lift                                               3.02       2.97       3.01       2.98
Train: Lift                                                          2.97       2.86       2.99       2.97
Train: Maximum Absolute Error                                        0.98       0.94       0.88       0.85
Train: Misclassification Rate                                        0.19       0.18       0.19       0.19
Train: Sum of Frequencies                                         4000.00    4000.00    4000.00    4000.00
Train: Root Average Squared Error                                    0.37       0.37       0.37       0.38
Train: Cumulative Percent Response                                  73.57      72.36      73.29      72.62
Train: Percent Response                                             72.30      69.70      72.85      72.39
Train: Sum of Squared Errors                                      1075.77    1085.93    1113.55    1180.00


Data Role=Valid

Statistics                                                           Tree      Tree3      Tree2      Tree4

Valid: Kolmogorov-Smirnov Statistic                                  0.46       0.46       0.47       0.39
Valid: Average Squared Error                                         0.13       0.14       0.14       0.15
Valid: Roc Index                                                     0.81       0.79       0.76       0.71
Valid: Bin-Based Two-Way Kolmogorov-Smirnov Probability Cutoff       0.35       0.22       0.36       0.29
Valid: Cumulative Percent Captured Response                         31.12      30.52      29.81      30.91
Valid: Percent Captured Response                                    15.04      15.08      15.06      15.36
Valid: Divisor for VASE                                           6000.00    6000.00    6000.00    6000.00
Valid: Gain                                                        211.24     205.16     198.08     209.10
Valid: Gini Coefficient                                              0.61       0.58       0.52       0.42
Valid: Bin-Based Two-Way Kolmogorov-Smirnov Statistic                0.46       0.46       0.47       0.38
Valid: Kolmogorov-Smirnov Probability Cutoff                         0.25       0.18       0.21       0.21
Valid: Cumulative Lift                                               3.11       3.05       2.98       3.09
Valid: Lift                                                          3.01       3.02       3.01       3.07
Valid: Maximum Absolute Error                                        0.98       0.94       0.88       0.85
Valid: Misclassification Rate                                        0.18       0.18       0.18       0.18
Valid: Sum of Frequencies                                         3000.00    3000.00    3000.00    3000.00
Valid: Root Average Squared Error                                    0.37       0.37       0.37       0.38
Valid: Cumulative Percent Response                                  75.74      74.26      72.53      75.21
Valid: Percent Response                                             73.21      73.40      73.31      74.74
Valid: Sum of Squared Errors                                       806.43     817.74     828.81     871.16


Data Role=Test

Statistics                                                           Tree      Tree3      Tree2      Tree4

Test:  Kolmogorov-Smirnov Statistic                                  0.47       0.44       0.44       0.37
Test: Average Squared Error                                          0.14       0.14       0.15       0.15
Test:  Roc Index                                                     0.80       0.78       0.75       0.70
Test:  Bin-Based Two-Way Kolmogorov-Smirnov Probability Cutoff       0.24       0.26       0.24       0.29
Test: Cumulative Percent Captured Response                          29.43      28.84      27.72      29.44
Test: Percent Captured Response                                     14.72      14.32      14.72      14.72
Test: Divisor for TASE                                            6000.00    6000.00    6000.00    6000.00
Test: Gain                                                         194.30     188.40     177.23     194.42
Test:  Gini Coefficient                                              0.61       0.56       0.49       0.41
Test:  Bin-Based Two-Way Kolmogorov-Smirnov Statistic                0.47       0.44       0.44       0.37
Test:  Kolmogorov-Smirnov Probability Cutoff                         0.25       0.26       0.21       0.21
Test: Cumulative Lift                                                2.94       2.88       2.77       2.94
Test: Lift                                                           2.94       2.86       2.94       2.94
Test: Maximum Absolute Error                                         0.98       0.94       0.88       0.85
Test: Misclassification Rate                                         0.20       0.18       0.20       0.19
Test: Sum of Frequencies                                          3000.00    3000.00    3000.00    3000.00
Test: Root Average Squared Error                                     0.37       0.37       0.38       0.39
Test: Cumulative Percent Response                                   71.61      70.18      67.46      71.64
Test: Percent Response                                              71.63      69.68      71.63      71.66
Test: Sum of Squared Errors                                        840.35     833.91     873.28     900.65
Test: Sum of Weights Times Freqs                                  6000.00    6000.00    6000.00    6000.00
 
                                                                                                                                                                                                                                                                
 
 







Event Classification Table
Model Selection based on Valid: Misclassification Rate (_VMISC_)

Model                             Data                  Target      False       True        False       True
Node     Model Description        Role        Target    Label     Negative    Negative    Positive    Positive

Tree3    3way Decision Tree       TRAIN       ORGYN                  464        2772         254         510  
Tree3    3way Decision Tree       VALIDATE    ORGYN                  372        2107         163         358  
Tree4    Manual DT                TRAIN       ORGYN                  560        2835         191         414  
Tree4    Manual DT                VALIDATE    ORGYN                  431        2155         115         299  
Tree2    Decision Tree Pruned     TRAIN       ORGYN                  418        2691         335         556  
Tree2    Decision Tree Pruned     VALIDATE    ORGYN                  329        2064         206         401  
Tree     Decision Tree Default    TRAIN       ORGYN                  505        2775         251         469  
Tree     Decision Tree Default    VALIDATE    ORGYN                  386        2122         148         344  
