*------------------------------------------------------------*
* Score Log
Date:                09 December 2021
Time:                16:20:34
*------------------------------------------------------------*
11890  filename emflow "H:\DMU_Final Year\Data Mining\FinalCW\FinalCourseWork\Workspaces\EMWS1\Reg\EMFLOWSCORE.sas";
11891  *------------------------------------------------------------*;
11892  * Reg: Scoring DATA data;
11893  *------------------------------------------------------------*;
11894  data EMWS1.Reg_TRAIN
11895  / view=EMWS1.Reg_TRAIN
11896  ;
11897  set EMWS1.Part_TRAIN
11898  ;
11899  %inc emflow;
12552  run;

NOTE: DATA STEP view saved on file EMWS1.REG_TRAIN.
NOTE: A stored DATA STEP view cannot run under a different operating system.
NOTE: DATA statement used (Total process time):
      real time           0.07 seconds
      cpu time            0.03 seconds
      

12553  quit;
12554  filename emflow;
NOTE: Fileref EMFLOW has been deassigned.

12555  filename emflow "H:\DMU_Final Year\Data Mining\FinalCW\FinalCourseWork\Workspaces\EMWS1\Reg\EMFLOWSCORE.sas";
12556  *------------------------------------------------------------*;
12557  * Reg: Scoring VALIDATE data;
12558  *------------------------------------------------------------*;
12559  data EMWS1.Reg_VALIDATE
12560  / view=EMWS1.Reg_VALIDATE
12561  ;
12562  set EMWS1.Part_VALIDATE
12563  ;
12564  %inc emflow;
13217  run;

NOTE: DATA STEP view saved on file EMWS1.REG_VALIDATE.
NOTE: A stored DATA STEP view cannot run under a different operating system.
NOTE: DATA statement used (Total process time):
      real time           0.06 seconds
      cpu time            0.01 seconds
      

13218  quit;
13219  filename emflow;
NOTE: Fileref EMFLOW has been deassigned.

13220  filename emflow "H:\DMU_Final Year\Data Mining\FinalCW\FinalCourseWork\Workspaces\EMWS1\Reg\EMFLOWSCORE.sas";
13221  *------------------------------------------------------------*;
13222  * Reg: Scoring TEST data;
13223  *------------------------------------------------------------*;
13224  data EMWS1.Reg_TEST
13225  / view=EMWS1.Reg_TEST
13226  ;
13227  set EMWS1.Part_TEST
13228  ;
13229  %inc emflow;
13882  run;

NOTE: DATA STEP view saved on file EMWS1.REG_TEST.
NOTE: A stored DATA STEP view cannot run under a different operating system.
NOTE: DATA statement used (Total process time):
      real time           0.04 seconds
      cpu time            0.01 seconds
      

13883  quit;
13884  filename emflow;
NOTE: Fileref EMFLOW has been deassigned.

13885  *------------------------------------------------------------*;
13886  * Reg: Computing metadata for TRAIN data;
13887  *------------------------------------------------------------*;

NOTE: View EMWS1.REG_TRAIN.VIEW used (Total process time):
      real time           0.04 seconds
      cpu time            0.03 seconds
      
14232  data EMWS1.Reg_EMINFO;
14233  length TARGET KEY $32 DATA $43;
14234  input TARGET KEY DATA $;
14235  cards;

NOTE: The data set EMWS1.REG_EMINFO has 3 observations and 3 variables.
NOTE: DATA statement used (Total process time):
      real time           0.04 seconds
      cpu time            0.00 seconds
      

14239  run;
14240  proc sort data = EMWS1.Reg_EMINFO NOTHREADS;
14241  by TARGET KEY;
14242  run;

NOTE: There were 3 observations read from the data set EMWS1.REG_EMINFO.
NOTE: The data set EMWS1.REG_EMINFO has 3 observations and 3 variables.
NOTE: PROCEDURE SORT used (Total process time):
      real time           0.05 seconds
      cpu time            0.03 seconds
      

14243  proc sort data = EMWS1.FIMPORT_EMINFO OUT=WORK.SORTEDEMINFO NOTHREADS;
14244  by TARGET KEY;
14245  run;

NOTE: There were 1 observations read from the data set EMWS1.FIMPORT_EMINFO.
NOTE: The data set WORK.SORTEDEMINFO has 1 observations and 3 variables.
NOTE: PROCEDURE SORT used (Total process time):
      real time           0.01 seconds
      cpu time            0.00 seconds
      

14246  proc sort data = EMWS1.Reg_EMINFO OUT=WORK.TEMP_INFO NOTHREADS;
14247  by TARGET KEY;
14248  run;

NOTE: Input data set is already sorted; it has been copied to the output data set.
NOTE: There were 3 observations read from the data set EMWS1.REG_EMINFO.
NOTE: The data set WORK.TEMP_INFO has 3 observations and 3 variables.
NOTE: PROCEDURE SORT used (Total process time):
      real time           0.01 seconds
      cpu time            0.00 seconds
      

14249  data EMWS1.Reg_EMINFO;
14250  merge WORK.SORTEDEMINFO WORK.TEMP_INFO;
14251  by TARGET KEY;
14252  run;

NOTE: There were 1 observations read from the data set WORK.SORTEDEMINFO.
NOTE: There were 3 observations read from the data set WORK.TEMP_INFO.
NOTE: The data set EMWS1.REG_EMINFO has 4 observations and 3 variables.
NOTE: DATA statement used (Total process time):
      real time           0.04 seconds
      cpu time            0.01 seconds
      

14253  proc datasets lib=work nolist;
14254  delete TEMP_INFO SORTEDEMINFO;
14255  run;

NOTE: Deleting WORK.TEMP_INFO (memtype=DATA).
NOTE: Deleting WORK.SORTEDEMINFO (memtype=DATA).
14256  quit;

NOTE: PROCEDURE DATASETS used (Total process time):
      real time           0.01 seconds
      cpu time            0.00 seconds
      

NOTE: View EMWS1.REG_TRAIN.VIEW used (Total process time):
      real time           0.04 seconds
      cpu time            0.04 seconds
      
NOTE: View EMWS1.REG_VALIDATE.VIEW used (Total process time):
      real time           0.04 seconds
      cpu time            0.04 seconds
      
NOTE: View EMWS1.REG_TEST.VIEW used (Total process time):
      real time           0.04 seconds
      cpu time            0.04 seconds
      
