 
                                                                                                                                                                                                                                                                
 
 
Variable Summary

            Measurement    Frequency
Role           Level         Count

INPUT        INTERVAL          8    
INPUT        NOMINAL           6    
REJECTED     INTERVAL          2    
TARGET       BINARY            1    
 
                                                                                                                                                                                                                                                                
 
 
Model Events

                                  Number
                   Measurement      of
Target    Event       Level       Levels      Order       Label

ORGYN       1        BINARY          2      Descending         
 
                                                                                                                                                                                                                                                                
 
 
Predicted and decision variables

Type         Variable    Label

TARGET       ORGYN                         
PREDICTED    P_ORGYN1    Predicted: ORGYN=1
RESIDUAL     R_ORGYN1    Residual: ORGYN=1 
PREDICTED    P_ORGYN0    Predicted: ORGYN=0
RESIDUAL     R_ORGYN0    Residual: ORGYN=0 
FROM         F_ORGYN     From: ORGYN       
INTO         I_ORGYN     Into: ORGYN       
 
                                                                                                                                                                                                                                                                
 
 

The DMREG Procedure

                Model Information

Training Data Set              WORK.EM_DMREG.VIEW
DMDB Catalog                   WORK.REG_DMDB     
Target Variable                ORGYN             
Target Measurement Level       Ordinal           
Number of Target Categories    2                 
Error                          MBernoulli        
Link Function                  Logit             
Number of Model Parameters     43                
Number of Observations         3023              


         Target Profile
 
 Ordered                   Total
   Value     ORGYN     Frequency

       1     1               783
       2     0              2240
 
                                                                                                                                                                                                                                                                
 
 

The DMREG Procedure

Newton-Raphson Ridge Optimization

Without Parameter Scaling

Parameter Estimates              38

                                             Optimization Start

Active Constraints                                  0  Objective Function                       1729.2264338
Max Abs Gradient Element                 209.20344029                                                       


                                                                                                        Ratio
                                                                                                      Between
                                                                                                       Actual
                                                                 Objective     Max Abs                    and
                     Function         Active        Objective     Function    Gradient              Predicted
Iter     Restarts       Calls    Constraints         Function       Change     Element     Ridge       Change

   1            0           2              0             1344        385.2       117.1         0        1.026
   2            0           3              0             1313      31.3565     16.0940         0        1.124
   3            0           4              0             1311       1.7627      1.0787         0        1.064
   4            0           5              0             1311       0.0224      0.0163         0        1.013
   5            0           6              0             1311     9.673E-6    7.337E-6         0        1.000

                                            Optimization Results

Iterations                                          5  Function Calls                                      8
Hessian Calls                                       6  Active Constraints                                  0
Objective Function                       1310.8944831  Max Abs Gradient Element                 7.3367105E-6
Ridge                                               0  Actual Over Pred Change                  1.0003132654

Convergence criterion (GCONV=1E-6) satisfied.                                                     


     Likelihood Ratio Test for Global Null Hypothesis: BETA=0
 
     -2 Log Likelihood          Likelihood
  Intercept     Intercept &          Ratio
       Only      Covariates     Chi-Square       DF     Pr > ChiSq

   3458.453        2621.789       836.6639       37         <.0001


         Type 3 Analysis of Effects
 
                          Wald
Effect        DF    Chi-Square    Pr > ChiSq

AFFL           1      268.6644        <.0001
AGE            1      129.6495        <.0001
BILL           1        0.1436        0.7048
CLASS          3        1.2749        0.7351
GENDER         2       97.9209        <.0001
LTIME          1        0.0344        0.8529
NGROUP         6       10.9984        0.0884
OAC            7        3.9127        0.7898
REGION         4        8.0690        0.0891
S_CONV         1        0.9148        0.3388
S_FVEG         1        1.0089        0.3152
S_MT           1        2.5028        0.1136
S_TOIL         1        0.6977        0.4036
TV_REG         7        6.9078        0.4385


                                  Analysis of Maximum Likelihood Estimates
 
                                            Standard          Wald                  Standardized
Parameter                 DF    Estimate       Error    Chi-Square    Pr > ChiSq        Estimate    Exp(Est)

Intercept                  1     -1.7809      0.4920         13.10        0.0003                       0.168
AFFL                       1      0.2607      0.0159        268.66        <.0001          0.5009       1.298
AGE                        1     -0.0490     0.00431        129.65        <.0001         -0.3610       0.952
BILL                       1     6.13E-6    0.000016          0.14        0.7048          0.0228       1.000
CLASS     Gold             1      0.0804      0.1115          0.52        0.4711                       1.084
CLASS     Platinum         1     -0.3388      0.3892          0.76        0.3841                       0.713
CLASS     Silver           1      0.0822      0.1675          0.24        0.6237                       1.086
GENDER    F                1      1.1237      0.1175         91.52        <.0001                       3.076
GENDER    M                1     0.00888      0.1546          0.00        0.9542                       1.009
LTIME                      1    -0.00219      0.0118          0.03        0.8529        -0.00576       0.998
NGROUP    A                1      0.1970      0.1996          0.97        0.3237                       1.218
NGROUP    B                1     -0.0883      0.1681          0.28        0.5993                       0.915
NGROUP    C                1      0.0727      0.1626          0.20        0.6545                       1.075
NGROUP    D                1      0.0755      0.1618          0.22        0.6407                       1.078
NGROUP    E                1     -0.1919      0.1815          1.12        0.2905                       0.825
NGROUP    F                1      0.3099      0.1614          3.69        0.0549                       1.363
OAC       1                1     -0.1101      0.1302          0.72        0.3976                       0.896
OAC       2                1     0.00421      0.1268          0.00        0.9735                       1.004
OAC       3                1      0.1800      0.1313          1.88        0.1705                       1.197
OAC       4                1      0.0472      0.1270          0.14        0.7101                       1.048
OAC       5                1      0.0387      0.1292          0.09        0.7646                       1.039
OAC       6                1     -0.0656      0.1272          0.27        0.6057                       0.936
OAC       7                1     -0.1486      0.1340          1.23        0.2673                       0.862
REGION    Midlands         1      0.0307      0.1839          0.03        0.8674                       1.031
REGION    North            1     -0.2231      0.1768          1.59        0.2070                       0.800
REGION    Scottish         1     -0.3998      0.3180          1.58        0.2087                       0.670
REGION    South East       1      0.0902      0.1525          0.35        0.5542                       1.094
S_CONV                     1     -0.0210      0.0219          0.91        0.3388         -0.0412       0.979
S_FVEG                     1    -0.00632     0.00629          1.01        0.3152         -0.0360       0.994
S_MT                       1     0.00993     0.00628          2.50        0.1136          0.0461       1.010
S_TOIL                     1     0.00522     0.00625          0.70        0.4036          0.0246       1.005
TV_REG    Border           1     -0.1992      0.4925          0.16        0.6859                       0.819
TV_REG    C Scotland       1      0.7262      0.3772          3.71        0.0542                       2.067
TV_REG    East             1      0.0193      0.2484          0.01        0.9382                       1.019
TV_REG    London           1     -0.1309      0.1742          0.56        0.4524                       0.877
TV_REG    Midlands         1      0.0255      0.2144          0.01        0.9055                       1.026
TV_REG    N East           1      0.1376      0.2934          0.22        0.6390                       1.148
TV_REG    N Scot           1     -0.3040      0.4863          0.39        0.5319                       0.738
TV_REG    N West           0           0           .           .           .                   .        .   
TV_REG    S & S East       0           0           .           .           .                   .        .   
TV_REG    S West           0           0           .           .           .                   .        .   
TV_REG    Ulster           0           0           .           .           .                   .        .   
TV_REG    Wales & West     0           0           .           .           .                   .        .   

NOTE: There are no valid observations for TV_REG=Ulster.


             Odds Ratio Estimates
                       
                                          Point
Effect                                 Estimate

AFFL                                      1.298
AGE                                       0.952
BILL                                      1.000
CLASS  Gold vs Tin                        0.909
CLASS  Platinum vs Tin                    0.598
CLASS  Silver vs Tin                      0.910
GENDER F vs U                             9.548
GENDER M vs U                             3.131
LTIME                                     0.998
NGROUP A vs U                             1.772
NGROUP B vs U                             1.332
NGROUP C vs U                             1.565
NGROUP D vs U                             1.569
NGROUP E vs U                             1.201
NGROUP F vs U                             1.983
OAC    1 vs 8                             0.848
OAC    2 vs 8                             0.951
OAC    3 vs 8                             1.134
OAC    4 vs 8                             0.993
OAC    5 vs 8                             0.985
OAC    6 vs 8                             0.887
OAC    7 vs 8                             0.816
REGION Midlands vs South West             0.624
REGION North vs South West                0.484
REGION Scottish vs South West             0.406
REGION South East vs South West           0.662
S_CONV                                    0.979
S_FVEG                                    0.994
S_MT                                      1.010
S_TOIL                                    1.005
TV_REG Border vs Yorkshire                1.078
TV_REG C Scotland vs Yorkshire            2.720
TV_REG East vs Yorkshire                  1.342
TV_REG London vs Yorkshire                1.154
TV_REG Midlands vs Yorkshire              1.350
TV_REG N East vs Yorkshire                1.510
TV_REG N Scot vs Yorkshire                0.971
TV_REG N West vs Yorkshire                 .   
TV_REG S & S East vs Yorkshire             .   
TV_REG S West vs Yorkshire                 .   
TV_REG Ulster vs Yorkshire                 .   
TV_REG Wales & West vs Yorkshire           .   
