*------------------------------------------------------------*
* Training Log
Date:                09 December 2021
Time:                16:20:21
*------------------------------------------------------------*
11449  proc freq data=EMWS1.Reg3_VariableSet noprint;
11450  table ROLE*LEVEL/out=WORK.Reg3META;
11451  run;

NOTE: There were 17 observations read from the data set EMWS1.REG3_VARIABLESET.
NOTE: The data set WORK.REG3META has 4 observations and 4 variables.
NOTE: PROCEDURE FREQ used (Total process time):
      real time           0.07 seconds
      cpu time            0.00 seconds
      

11452  proc print data=WORK.Reg3META label noobs;
11453  var ROLE LEVEL COUNT;
11454  label ROLE = "%sysfunc(sasmsg(sashelp.dmine, meta_role_vlabel, NOQUOTE))" LEVEL = "%sysfunc(sasmsg(sashelp.dmine, meta_level_vlabel, NOQUOTE))" COUNT = "%sysfunc(sasmsg(sashelp.dmine, rpt_count_vlabel, NOQUOTE))";
11455  title9 ' ';
11456  title10 "%sysfunc(sasmsg(sashelp.dmine, rpt_varSummary_title  , NOQUOTE))";
11457  run;

NOTE: There were 4 observations read from the data set WORK.REG3META.
NOTE: The PROCEDURE PRINT printed page 1.
NOTE: PROCEDURE PRINT used (Total process time):
      real time           0.09 seconds
      cpu time            0.03 seconds
      

11458  title10;

11459  %let EMNORLEN = %DMNORLEN;
EMWS1.Part_TRAIN EMWS1.Part_TRAIN 
EMWS1.Part_TRAIN EMWS1.Part_TRAIN EMWS1 Part_TRAIN 
EMWS1.Part_TRAIN EMWS1.Part_TRAIN 
EMWS1.Part_TRAIN EMWS1.Part_TRAIN EMWS1 Part_TRAIN 
Executing  SASHELP.EMCORE.EMINFOITERATOR.SCL _INIT >> 
Executing  SASHELP.EMCORE.EMINFOITERATOR.SCL setMetaData >> 
Executing  SASHELP.EMCORE.EMINFOITERATOR.SCL next >> 
Executing  SASHELP.EMCORE.EMINFOITERATOR.SCL setMetaData >> 
Executing  SASHELP.EMCORE.EMINFOITERATOR.SCL next >> 
Executing  SASHELP.EMCORE.EMINFOITERATOR.SCL _term >> 
>>>>>>>>>>>>>> TARGET(   USE='Y' 
                         REPORT='N' 
                         NAME='ORGYN' 
                         ROLE='TARGET' 
                         LEVEL='BINARY' 
                         ORDER='' 
                         CREATOR='' 
                         FORMATTYPE='QUANTITY' 
                         FAMILY='' 
                         LOWERLIMIT=. 
                         UPPERLIMIT=. 
                         DISTRIBUTION='' 
                         COMMENT='' 
                         PRICE=. 
                         TYPE='N' 
                         LABEL='' 
                         FORMAT='BEST12.0' 
                         INFORMAT='BEST32.0' 
                         INDEX='N' 
                         INDEXTYPE='NONE' 
                         LENGTH=8 
                      )[11191] 
PERFORMANCE  DETAILS
WORK.EM_DMDB WORK.EM_DMDB 
WORK.EM_DMDB WORK.EM_DMDB WORK EM_DMDB 
11544  data WORK.Reg3_EVENT(KEEP=VARIABLE LABEL LEVEL EVENT NUMLEVELS ORDER);
11545  length ORDER $20;
11546  label VARIABLE = "%sysfunc(sasmsg(sashelp.dmine, rpt_target_vlabel,  NOQUOTE))" EVENT = "%sysfunc(sasmsg(sashelp.dmine, assmt_event_vlabel, NOQUOTE))" NUMLEVELS = "%sysfunc(sasmsg(sashelp.dmine, rpt_numcat_vlabel, NOQUOTE))" LEVEL =
11547     "%sysfunc(sasmsg(sashelp.dmine, meta_level_vlabel, NOQUOTE))" ORDER = "%sysfunc(sasmsg(sashelp.dmine, meta_order_vlabel, NOQUOTE))" LABEL = "%sysfunc(sasmsg(sashelp.dmine, meta_label_vlabel, NOQUOTE))";
11548  set EMWS1.REG3_ORGYN_DM( where=(_TYPE_="TARGET"));
11549  NumLevels=2;
11550  select(upcase(ORDER));
11551  when('DESC') ORDER = 'Descending';
11552  when('ASC') ORDER = 'Ascending';
11553  when('FMTDESC') ORDER = 'Formatted Descending';
11554  when('FMTASC') ORDER = 'Formatted Ascending';
11555  otherwise ORDER = 'Descending';
11556  end;
11557  output;
11558  run;

NOTE: There were 1 observations read from the data set EMWS1.REG3_ORGYN_DM.
      WHERE _TYPE_='TARGET';
NOTE: The data set WORK.REG3_EVENT has 1 observations and 6 variables.
NOTE: DATA statement used (Total process time):
      real time           0.07 seconds
      cpu time            0.01 seconds
      

11559  title9 ' ';
11560  proc print data=WORK.Reg3_EVENT noobs label;
11561  var VARIABLE EVENT LEVEL NUMLEVELS ORDER LABEL;
11562  title9 ' ';
11563  title10 "%sysfunc(sasmsg(sashelp.dmine, rpt_modelEvent_title  , NOQUOTE))";
11564  run;

NOTE: There were 1 observations read from the data set WORK.REG3_EVENT.
NOTE: The PROCEDURE PRINT printed page 2.
NOTE: PROCEDURE PRINT used (Total process time):
      real time           0.01 seconds
      cpu time            0.00 seconds
      

11565  title10;

"No decisions defined for target "ORGYN"." 
11566  proc print data = EMWS1.Reg3_ORGYN_DM noobs label;
11567  var _type_ variable label;
11568  where _type_ ^in('MATRIX', 'DECISION', 'TRAINPRIOR', 'DATAPRIOR', 'DECPRIOR');
11569  label _TYPE_ = "%sysfunc(sasmsg(sashelp.dmine, rpt_type_vlabel,     NOQUOTE))" VARIABLE = "%sysfunc(sasmsg(sashelp.dmine, rpt_variable_vlabel, NOQUOTE))" LABEL = "%sysfunc(sasmsg(sashelp.dmine, meta_label_vlabel, NOQUOTE))";
11570  title9 ' ';
11571  title10 "%sysfunc(sasmsg(sashelp.dmine, rpt_predDecVars_title  , NOQUOTE))";
11572  run;

NOTE: There were 7 observations read from the data set EMWS1.REG3_ORGYN_DM.
      WHERE _type_ not in ('DATAPRIOR', 'DECISION', 'DECPRIOR', 'MATRIX', 'TRAINPRIOR');
NOTE: The PROCEDURE PRINT printed page 3.
NOTE: PROCEDURE PRINT used (Total process time):
      real time           0.03 seconds
      cpu time            0.04 seconds
      

11573  title10;

11583  data WORK.M2AIT9JX;
11584  set WORK.M2AIT9JX end=eof;
11585  output;
11586  if eof then do;
11587  NAME="";
11588  ROLE="COST";
11589  LEVEL="INTERVAL";
11590  TYPE="N";
11591  output;
11592  end;
11593  run;

NOTE: There were 15 observations read from the data set WORK.M2AIT9JX.
NOTE: The data set WORK.M2AIT9JX has 16 observations and 21 variables.
NOTE: DATA statement used (Total process time):
      real time           0.01 seconds
      cpu time            0.01 seconds
      

NOTE: There were 2 observations read from the data set EMWS1.REG3_ORGYN_DD.
NOTE: The data set WORK.ORGYN has 2 observations and 7 variables.
NOTE: There were 2 observations read from the data set EMWS1.REG3_ORGYN_DD.
NOTE: The data set WORK.ORGYN has 2 observations and 7 variables.
11594  *------------------------------------------------------------*;
11595  * Reg3: Create decision matrix;
11596  *------------------------------------------------------------*;
11597  data WORK.ORGYN(label="ORGYN");
11598    length   ORGYN                            $  32
11599             COUNT                                8
11600             DATAPRIOR                            8
11601             TRAINPRIOR                           8
11602             DECPRIOR                             8
11603             DECISION1                            8
11604             DECISION2                            8
11605             ;
11606  
11607    label    COUNT="Level Counts"
11608             DATAPRIOR="Data Proportions"
11609             TRAINPRIOR="Training Proportions"
11610             DECPRIOR="Decision Priors"
11611             DECISION1="1"
11612             DECISION2="0"
11613             ;
11614  ORGYN="1"; COUNT=974; DATAPRIOR=0.2435; TRAINPRIOR=0.2435; DECPRIOR=.; DECISION1=1; DECISION2=0;
11615  output;
11616  ORGYN="0"; COUNT=3026; DATAPRIOR=0.7565; TRAINPRIOR=0.7565; DECPRIOR=.; DECISION1=0; DECISION2=1;
11617  output;
11618  ;
11619  run;

NOTE: The data set WORK.ORGYN has 2 observations and 7 variables.
NOTE: DATA statement used (Total process time):
      real time           0.02 seconds
      cpu time            0.00 seconds
      

11620  proc datasets lib=work nolist;
11621  modify ORGYN(type=PROFIT label=ORGYN);
11622  label DECISION1= '1';
11623  label DECISION2= '0';
11624  run;

NOTE: MODIFY was successful for WORK.ORGYN.DATA.
11625  quit;

NOTE: PROCEDURE DATASETS used (Total process time):
      real time           0.02 seconds
      cpu time            0.00 seconds
      

11626  data EM_DMREG / view=EM_DMREG;
11627  set EMWS1.Part_TRAIN(keep=
11628  AFFL AGE BILL CLASS GENDER LTIME NGROUP OAC ORGYN REGION S_CONV S_FVEG S_MT
11629  S_TOIL TV_REG );
11630  run;

NOTE: DATA STEP view saved on file WORK.EM_DMREG.
NOTE: A stored DATA STEP view cannot run under a different operating system.
NOTE: DATA statement used (Total process time):
      real time           0.04 seconds
      cpu time            0.03 seconds
      

11631  *------------------------------------------------------------* ;
11632  * Reg3: DMDBClass Macro ;
11633  *------------------------------------------------------------* ;
11634  %macro DMDBClass;
11635      CLASS(ASC) GENDER(ASC) NGROUP(ASC) OAC(ASC) ORGYN(DESC) REGION(ASC)
11636     TV_REG(ASC)
11637  %mend DMDBClass;
11638  *------------------------------------------------------------* ;
11639  * Reg3: DMDBVar Macro ;
11640  *------------------------------------------------------------* ;
11641  %macro DMDBVar;
11642      AFFL AGE BILL LTIME S_CONV S_FVEG S_MT S_TOIL
11643  %mend DMDBVar;
11644  *------------------------------------------------------------*;
11645  * Reg3: Create DMDB;
11646  *------------------------------------------------------------*;
11647  proc dmdb batch data=WORK.EM_DMREG
11648  dmdbcat=WORK.Reg3_DMDB
11649  maxlevel = 513
11650  ;
11651  class %DMDBClass;
11652  var %DMDBVar;
11653  target
11654  ORGYN
11655  ;
11656  run;

NOTE: Records processed = 4000   Memory used = 511K.
NOTE: View WORK.EM_DMREG.VIEW used (Total process time):
      real time           0.07 seconds
      cpu time            0.06 seconds
      
NOTE: There were 4000 observations read from the data set EMWS1.PART_TRAIN.
NOTE: There were 4000 observations read from the data set WORK.EM_DMREG.
NOTE: PROCEDURE DMDB used (Total process time):
      real time           0.13 seconds
      cpu time            0.07 seconds
      

11657  quit;
11658  *--- end code ---*;

11659  *------------------------------------------------------------*;
11660  * Reg3: Run DMREG procedure;
11661  *------------------------------------------------------------*;
11662  proc dmreg data=EM_DMREG dmdbcat=WORK.Reg3_DMDB
11663  validata = EMWS1.Part_VALIDATE
11664  outest = EMWS1.Reg3_EMESTIMATE
11665  outterms = EMWS1.Reg3_OUTTERMS
11666  outmap= EMWS1.Reg3_MAPDS namelen=200
11667  ;
11668  class
11669  ORGYN
11670  CLASS
11671  GENDER
11672  NGROUP
11673  OAC
11674  REGION
11675  TV_REG
11676  ;
11677  model ORGYN =
11678  AFFL
11679  AGE
11680  BILL
11681  CLASS
11682  GENDER
11683  LTIME
11684  NGROUP
11685  OAC
11686  REGION
11687  S_CONV
11688  S_FVEG
11689  S_MT
11690  S_TOIL
11691  TV_REG
11692  /error=binomial link=LOGIT
11693  coding=DEVIATION
11694  nodesignprint
11695  selection=BACKWARD choose=NONE
11696  Hierarchy=CLASS
11697  Rule=NONE
11698  ;
11699  ;
11700  score data=EMWS1.Part_TEST
11701  out=_null_
11702  outfit=EMWS1.Reg3_FITTEST
11703  role = TEST
11704  ;
11705  code file="H:\DMU_Final Year\Data Mining\FinalCW\FinalCourseWork\Workspaces\EMWS1\Reg3\EMPUBLISHSCORE.sas"
11706  group=Reg3
11707  ;
11708  code file="H:\DMU_Final Year\Data Mining\FinalCW\FinalCourseWork\Workspaces\EMWS1\Reg3\EMFLOWSCORE.sas"
11709  group=Reg3
11710  residual
11711  ;
11712  run;

NOTE: 977 observations in the training data were not used due to missing values in the target or input variables or to invalid frequency values.
NOTE: The training data contains 977 cases that have missing input values. The fit statistics in the OUTEST= data set (which are based on all cases) might differ from those in the printed output (which are based only on cases with no missing inputs).

NOTE: PROC DMREG is modeling the probability that ORGYN='1'.
NOTE: Convergence criterion (GCONV=1E-6) satisfied.
NOTE: There are no valid observations for TV_REG=Ulster.
NOTE: Convergence criterion (GCONV=1E-6) satisfied.
NOTE: There are no valid observations for TV_REG=Ulster.
NOTE: Convergence criterion (GCONV=1E-6) satisfied.
NOTE: There are no valid observations for TV_REG=Ulster.
NOTE: Convergence criterion (GCONV=1E-6) satisfied.
NOTE: There are no valid observations for TV_REG=Ulster.
NOTE: Convergence criterion (GCONV=1E-6) satisfied.
NOTE: There are no valid observations for TV_REG=Ulster.
NOTE: Convergence criterion (GCONV=1E-6) satisfied.
NOTE: Convergence criterion (GCONV=1E-6) satisfied.
NOTE: Convergence criterion (GCONV=1E-6) satisfied.
NOTE: Convergence criterion (GCONV=1E-6) satisfied.
NOTE: Convergence criterion (GCONV=1E-6) satisfied.
NOTE: Convergence criterion (GCONV=1E-6) satisfied.
NOTE: External file H:\DMU_Final Year\Data Mining\FinalCW\FinalCourseWork\Workspaces\EMWS1\Reg3\EMPUBLISHSCORE.sas opened.
NOTE: External file H:\DMU_Final Year\Data Mining\FinalCW\FinalCourseWork\Workspaces\EMWS1\Reg3\EMFLOWSCORE.sas opened.
NOTE: View WORK.EM_DMREG.VIEW used (Total process time):
      real time           0.86 seconds
      cpu time            0.46 seconds
      
NOTE: There were 4000 observations read from the data set EMWS1.PART_TRAIN.
NOTE: There were 4000 observations read from the data set WORK.EM_DMREG.
NOTE: There were 3000 observations read from the data set EMWS1.PART_VALIDATE.
NOTE: There were 3000 observations read from the data set EMWS1.PART_TEST.
NOTE: The data set EMWS1.REG3_EMESTIMATE has 36 observations and 79 variables.
NOTE: The data set EMWS1.REG3_OUTTERMS has 9 observations and 6 variables.
NOTE: The data set EMWS1.REG3_MAPDS has 2 observations and 44 variables.
NOTE: The data set EMWS1.REG3_FITTEST has 11 observations and 15 variables.
NOTE: The PROCEDURE DMREG printed pages 4-15.
NOTE: PROCEDURE DMREG used (Total process time):
      real time           1.01 seconds
      cpu time            0.48 seconds
      

11713  quit;

11714  proc datasets lib=WORK nolist;
11715  delete Reg3_DMDB;
11716  run;

NOTE: The file WORK.REG3_DMDB (memtype=DATA) was not found, but appears on a DELETE statement.
11717  quit;

NOTE: PROCEDURE DATASETS used (Total process time):
      real time           0.01 seconds
      cpu time            0.00 seconds
      

11718  proc datasets lib=WORK nolist;
11719  delete Reg3_DMDB / memtype=catalog;
11720  run;

NOTE: Deleting WORK.REG3_DMDB (memtype=CATALOG).
11721  quit;

NOTE: PROCEDURE DATASETS used (Total process time):
      real time           0.01 seconds
      cpu time            0.01 seconds
      

11722  data WORK.ESTIMATE;
11723  length _NAME_ $32;
11724  set EMWS1.Reg3_EMESTIMATE;
11725  drop _AIC_--_VMISC_
11726  ;
11727  where _CHOSEN_ ne '' and _TYPE_ in('PARMS', 'T', 'P');
11728  drop _STEP_ _CHOSEN_;
11729  select(_TYPE_);
11730  when('PARMS') _NAME_='Coefficient';
11731  when('T') _NAME_='tValue';
11732  when('P') _NAME_='PValue';
11733  otherwise;
11734  end;
11735  run;

NOTE: There were 3 observations read from the data set EMWS1.REG3_EMESTIMATE.
      WHERE (_CHOSEN_ not = ' ') and _TYPE_ in ('P', 'PARMS', 'T');
NOTE: The data set WORK.ESTIMATE has 3 observations and 45 variables.
NOTE: DATA statement used (Total process time):
      real time           0.01 seconds
      cpu time            0.01 seconds
      

11736  proc transpose data=WORK.ESTIMATE out=WORK.ESTIMATE(rename=(_NAME_=Effect));
11737  run;

NOTE: There were 3 observations read from the data set WORK.ESTIMATE.
NOTE: The data set WORK.ESTIMATE has 43 observations and 5 variables.
NOTE: PROCEDURE TRANSPOSE used (Total process time):
      real time           0.02 seconds
      cpu time            0.00 seconds
      

11738  proc transpose data=EMWS1.Reg3_MAPDS out=WORK.MAP(rename=(_NAME_=Effect INPUT=Variable
11739  ));
11740  var 'AFFL'n--'TV_REGWALES___WEST'n;
11741  run;

NOTE: There were 2 observations read from the data set EMWS1.REG3_MAPDS.
NOTE: The data set WORK.MAP has 42 observations and 4 variables.
NOTE: PROCEDURE TRANSPOSE used (Total process time):
      real time           0.02 seconds
      cpu time            0.00 seconds
      

11742  proc sort data=WORK.MAP;
11743  by Effect;
11744  run;

NOTE: There were 42 observations read from the data set WORK.MAP.
NOTE: The data set WORK.MAP has 42 observations and 4 variables.
NOTE: PROCEDURE SORT used (Total process time):
      real time           0.01 seconds
      cpu time            0.01 seconds
      

11745  proc sort data=WORK.ESTIMATE;
11746  by Effect;
11747  run;

NOTE: There were 43 observations read from the data set WORK.ESTIMATE.
NOTE: The data set WORK.ESTIMATE has 43 observations and 5 variables.
NOTE: PROCEDURE SORT used (Total process time):
      real time           0.01 seconds
      cpu time            0.01 seconds
      

11748  data EMWS1.Reg3_EFFECTS(rename=(_LABEL_=EffectLabel));
11749  length Variable ClassLevel $32;
11750  merge WORK.ESTIMATE WORK.MAP;
11751  by Effect;
11752  label Effect = "%sysfunc(sasmsg(sashelp.dmine, rpt_effect_vlabel, NOQUOTE))" Variable = "%sysfunc(sasmsg(sashelp.dmine, rpt_variable_vlabel, NOQUOTE))" Sign = "%sysfunc(sasmsg(sashelp.dmine, rpt_sign_vlabel, NOQUOTE))" ClassLevel =
11753     "%sysfunc(sasmsg(sashelp.dmine, rpt_level_vlabel, NOQUOTE))" Abscoefficient = "%sysfunc(sasmsg(sashelp.dmine, rpt_abscoefficient_vlabel, NOQUOTE))" Coefficient = "%sysfunc(sasmsg(sashelp.dmine, rpt_coefficient_vlabel, NOQUOTE))" _LABEL_ =
11754     "%sysfunc(sasmsg(sashelp.dmine, rpt_effectLabel_vlabel, NOQUOTE))" CODE = "%sysfunc(sasmsg(sashelp.dmine, rpt_scorecodevar_vlabel, NOQUOTE))";
11755  label tvalue = "%sysfunc(sasmsg(sashelp.dmine, rpt_tvalue_vlabel,         NOQUOTE))" abstvalue = "%sysfunc(sasmsg(sashelp.dmine, rpt_absoluteTvalue_vlabel, NOQUOTE))" PValue = "%sysfunc(sasmsg(sashelp.dmine, rpt_pvalue_vlabel,         NOQUOTE))";
11756  abstvalue = abs(tValue);
11757  if index(Effect, 'Intercept') then do;
11758  variable = 'Intercept';
11759  classLevel = scan(_LABEL_, 2, '=');
11760  end;
11761  if ^indexc(variable, '*') then do;
11762  if length(effect)>length(variable) then classlevel = substr(Effect, length(variable)+1);
11763  end;
11764  if Effect eq '' then Effect = Variable;
11765  if coefficient < 0 then sign = '-';
11766  else sign = '+';
11767  abscoefficient = abs(coefficient);
11768  if _LABEL_ = '' then _LABEL_ = Effect;
11769  if coefficient ne . then output;
11770  run;

NOTE: Missing values were generated as a result of performing an operation on missing values.
      Each place is given by: (Number of times) at (Line):(Column).
      34 at 11756:13   34 at 11767:18   
NOTE: There were 43 observations read from the data set WORK.ESTIMATE.
NOTE: There were 42 observations read from the data set WORK.MAP.
NOTE: The data set EMWS1.REG3_EFFECTS has 9 observations and 11 variables.
NOTE: DATA statement used (Total process time):
      real time           0.15 seconds
      cpu time            0.00 seconds
      

11771  proc sort data =EMWS1.Reg3_EFFECTS;
11772  by
11773  descending abstvalue;
11774  run;

NOTE: There were 9 observations read from the data set EMWS1.REG3_EFFECTS.
NOTE: The data set EMWS1.REG3_EFFECTS has 9 observations and 11 variables.
NOTE: PROCEDURE SORT used (Total process time):
      real time           0.06 seconds
      cpu time            0.01 seconds
      

11775  data EMWS1.Reg3_EFFECTS;
11776  set EMWS1.Reg3_EFFECTS;
11777  format TEffectNum 3.;
11778  label TEffectNum = "%sysfunc(sasmsg(sashelp.dmine, rpt_teffectnum_vlabel, NOQUOTE))";
11779  retain TEffectNum;
11780  TEffectNum = _N_;
11781  run;

NOTE: There were 9 observations read from the data set EMWS1.REG3_EFFECTS.
NOTE: The data set EMWS1.REG3_EFFECTS has 9 observations and 12 variables.
NOTE: DATA statement used (Total process time):
      real time           0.08 seconds
      cpu time            0.01 seconds
      

11782  proc sort data =EMWS1.Reg3_EFFECTS;
11783  by
11784  descending absCoefficient;
11785  run;

NOTE: There were 9 observations read from the data set EMWS1.REG3_EFFECTS.
NOTE: The data set EMWS1.REG3_EFFECTS has 9 observations and 12 variables.
NOTE: PROCEDURE SORT used (Total process time):
      real time           0.08 seconds
      cpu time            0.03 seconds
      

11786  data EMWS1.Reg3_EFFECTS;
11787  set EMWS1.Reg3_EFFECTS;
11788  format EffectNum 3.;
11789  label EffectNum = "%sysfunc(sasmsg(sashelp.dmine, rpt_effectnum_vlabel, NOQUOTE))";
11790  retain EffectNum;
11791  EffectNum = _N_;
11792  run;

NOTE: There were 9 observations read from the data set EMWS1.REG3_EFFECTS.
NOTE: The data set EMWS1.REG3_EFFECTS has 9 observations and 13 variables.
NOTE: DATA statement used (Total process time):
      real time           0.10 seconds
      cpu time            0.00 seconds
      

11793  proc transpose data=EMWS1.Reg3_EMESTIMATE out=EMWS1.Reg3_ESTIMATEGRID(rename=(PARMS=Coefficient T=TValue _NAME_=Effect _LABEL_=EffectLabel));
11794  where _CHOSEN_ eq '' and _TYPE_ in('PARMS', 'T', 'P');
11795  var 'AFFL'n--'TV_REGWALES___WEST'n;
11796  by _STEP_;
11797  id _TYPE_;
11798  run;

NOTE: There were 33 observations read from the data set EMWS1.REG3_EMESTIMATE.
      WHERE (_CHOSEN_=' ') and _TYPE_ in ('P', 'PARMS', 'T');
NOTE: The data set EMWS1.REG3_ESTIMATEGRID has 462 observations and 6 variables.
NOTE: PROCEDURE TRANSPOSE used (Total process time):
      real time           0.07 seconds
      cpu time            0.00 seconds
      

11799  data EMWS1.Reg3_ESTIMATEGRID;
11800  set EMWS1.Reg3_ESTIMATEGRID;
11801  if EffectLabel eq '' then EffectLabel = Effect;
11802  label EffectLabel = "%sysfunc(sasmsg(sashelp.dmine, rpt_effectLabel_vlabel, NOQUOTE))" Effect = "%sysfunc(sasmsg(sashelp.dmine, rpt_effect_vlabel, NOQUOTE))" Abscoefficient = "%sysfunc(sasmsg(sashelp.dmine, rpt_abscoefficient_vlabel, NOQUOTE))"
11803     Coefficient = "%sysfunc(sasmsg(sashelp.dmine, rpt_coefficient_vlabel, NOQUOTE))" tvalue = "%sysfunc(sasmsg(sashelp.dmine, rpt_tvalue_vlabel,         NOQUOTE))" abstvalue = "%sysfunc(sasmsg(sashelp.dmine, rpt_absoluteTvalue_vlabel, NOQUOTE))"
11803! PValue =
11804     "%sysfunc(sasmsg(sashelp.dmine, rpt_pvalue_vlabel,         NOQUOTE))";
11805  AbsCoefficient = abs(Coefficient);
11806  AbsTValue = abs(TValue);
11807  where coefficient ne .;
11808  run;

NOTE: Variable PValue is uninitialized.
NOTE: Missing values were generated as a result of performing an operation on missing values.
      Each place is given by: (Number of times) at (Line):(Column).
      25 at 11806:13   
NOTE: There were 268 observations read from the data set EMWS1.REG3_ESTIMATEGRID.
      WHERE coefficient not = .;
NOTE: The data set EMWS1.REG3_ESTIMATEGRID has 268 observations and 8 variables.
NOTE: DATA statement used (Total process time):
      real time           0.12 seconds
      cpu time            0.00 seconds
      

