 
                                                                                                                                                                                                                                                                
 
 
Fit Statistics

Target=ORGYN Target Label=' '

   Fit
Statistics    Statistics Label                     Train    Validation       Test

 _DFT_        Total Degrees of Freedom           4000.00          .           .  
 _DFE_        Degrees of Freedom for Error       3867.00          .           .  
 _DFM_        Model Degrees of Freedom            133.00          .           .  
 _NW_         Number of Estimated Weights         133.00          .           .  
 _AIC_        Akaike's Information Criterion     3658.77          .           .  
 _SBC_        Schwarz's Bayesian Criterion       4495.88          .           .  
 _ASE_        Average Squared Error                 0.13         0.14        0.14
 _MAX_        Maximum Absolute Error                0.99         0.99        0.99
 _DIV_        Divisor for ASE                    8000.00      6000.00     6000.00
 _NOBS_       Sum of Frequencies                 4000.00      3000.00     3000.00
 _RASE_       Root Average Squared Error            0.37         0.37        0.38
 _SSE_        Sum of Squared Errors              1077.52       831.75      847.76
 _SUMW_       Sum of Case Weights Times Freq     8000.00      6000.00     6000.00
 _FPE_        Final Prediction Error                0.14          .           .  
 _MSE_        Mean Squared Error                    0.14         0.14        0.14
 _RFPE_       Root Final Prediction Error           0.38          .           .  
 _RMSE_       Root Mean Squared Error               0.37         0.37        0.38
 _AVERR_      Average Error Function                0.42         0.44        0.45
 _ERR_        Error Function                     3392.77      2650.57     2672.91
 _MISC_       Misclassification Rate                0.18         0.19        0.19
 _WRONG_      Number of Wrong Classifications     733.00       576.00      573.00
 
                                                                                                                                                                                                                                                                
 
 
Classification Table

Data Role=TRAIN Target Variable=ORGYN Target Label=' '

                       Target        Outcome     Frequency       Total
Target    Outcome    Percentage    Percentage      Count      Percentage

  0          0         82.9170       95.4395        2888        72.200  
  1          0         17.0830       61.0883         595        14.875  
  0          1         26.6925        4.5605         138         3.450  
  1          1         73.3075       38.9117         379         9.475  


Data Role=VALIDATE Target Variable=ORGYN Target Label=' '

                       Target        Outcome     Frequency       Total
Target    Outcome    Percentage    Percentage      Count      Percentage

  0          0         81.8421       95.9031        2177        72.5667 
  1          0         18.1579       66.1644         483        16.1000 
  0          1         27.3529        4.0969          93         3.1000 
  1          1         72.6471       33.8356         247         8.2333 
 
                                                                                                                                                                                                                                                                
 
 
Event Classification Table

Data Role=TRAIN Target=ORGYN Target Label=' '

  False       True        False       True
Negative    Negative    Positive    Positive

   595        2888         138         379  


Data Role=VALIDATE Target=ORGYN Target Label=' '

  False       True        False       True
Negative    Negative    Positive    Positive

   483        2177         93          247  
 
                                                                                                                                                                                                                                                                
 
 
Assessment Score Rankings

Data Role=TRAIN Target Variable=ORGYN Target Label=' '

                                                                                           Mean
                               Cumulative        %       Cumulative      Number of      Posterior
Depth       Gain      Lift        Lift       Response    % Response    Observations    Probability

   5     251.129    3.51129      3.51129       85.5        85.5000          200          0.87880  
  10     217.248    2.83368      3.17248       69.0        77.2500          200          0.65048  
  15     186.105    2.23819      2.86105       54.5        69.6667          200          0.50688  
  20     157.187    1.70431      2.57187       41.5        62.6250          200          0.41386  
  25     135.729    1.49897      2.35729       36.5        57.4000          200          0.34723  
  30     114.921    1.10883      2.14921       27.0        52.3333          200          0.29151  
  35      98.299    0.98563      1.98299       24.0        48.2857          200          0.25018  
  40      84.035    0.84189      1.84035       20.5        44.8125          200          0.21988  
  45      73.397    0.88296      1.73397       21.5        42.2222          200          0.19627  
  50      65.503    0.94456      1.65503       23.0        40.3000          200          0.17751  
  55      54.564    0.45175      1.54564       11.0        37.6364          200          0.16122  
  60      48.015    0.75975      1.48015       18.5        36.0417          200          0.14683  
  65      39.157    0.32854      1.39157        8.0        33.8846          200          0.13319  
  70      33.470    0.59548      1.33470       14.5        32.5000          200          0.11956  
  75      26.762    0.32854      1.26762        8.0        30.8667          200          0.10443  
  80      20.637    0.28747      1.20637        7.0        29.3750          200          0.08879  
  85      15.352    0.30801      1.15352        7.5        28.0882          200          0.07163  
  90      10.427    0.26694      1.10427        6.5        26.8889          200          0.05146  
  95       5.263    0.12320      1.05263        3.0        25.6316          200          0.02869  
 100       0.000    0.00000      1.00000        0.0        24.3500          200          0.00807  


Data Role=VALIDATE Target Variable=ORGYN Target Label=' '

                                                                                           Mean
                               Cumulative        %       Cumulative      Number of      Posterior
Depth       Gain      Lift        Lift       Response    % Response    Observations    Probability

   5     267.123    3.67123      3.67123      89.3333      89.3333          150          0.87026  
  10     210.959    2.54795      3.10959      62.0000      75.6667          150          0.62328  
  15     179.452    2.16438      2.79452      52.6667      68.0000          150          0.47866  
  20     156.849    1.89041      2.56849      46.0000      62.5000          150          0.39725  
  25     133.425    1.39726      2.33425      34.0000      56.8000          150          0.33101  
  30     110.959    0.98630      2.10959      24.0000      51.3333          150          0.28206  
  35      94.129    0.93151      1.94129      22.6667      47.2381          150          0.24386  
  40      78.767    0.71233      1.78767      17.3333      43.5000          150          0.21621  
  45      68.950    0.90411      1.68950      22.0000      41.1111          150          0.19471  
  50      58.630    0.65753      1.58630      16.0000      38.6000          150          0.17671  
  55      50.685    0.71233      1.50685      17.3333      36.6667          150          0.15978  
  60      42.694    0.54795      1.42694      13.3333      34.7222          150          0.14579  
  65      35.511    0.49315      1.35511      12.0000      32.9744          150          0.13296  
  70      27.789    0.27397      1.27789       6.6667      31.0952          150          0.12028  
  75      22.009    0.41096      1.22009      10.0000      29.6889          150          0.10638  
  80      17.295    0.46575      1.17295      11.3333      28.5417          150          0.09166  
  85      12.973    0.43836      1.12973      10.6667      27.4902          150          0.07272  
  90       8.828    0.38356      1.08828       9.3333      26.4815          150          0.05254  
  95       4.110    0.19178      1.04110       4.6667      25.3333          150          0.02997  
 100       0.000    0.21918      1.00000       5.3333      24.3333          150          0.00824  
 
                                                                                                                                                                                                                                                                
 
 
Assessment Score Distribution

Data Role=TRAIN Target Variable=ORGYN Target Label=' '

 Posterior     Number                     Mean
Probability      of      Number of     Posterior
   Range       Events    Nonevents    Probability    Percentage

 0.95-1.00        47          3         0.97691         1.250  
 0.90-0.95        28          4         0.92475         0.800  
 0.85-0.90        34          5         0.87547         0.975  
 0.80-0.85        29          7         0.82825         0.900  
 0.75-0.80        35         11         0.77426         1.150  
 0.70-0.75        34         11         0.72758         1.125  
 0.65-0.70        36         10         0.67330         1.150  
 0.60-0.65        40         18         0.62338         1.450  
 0.55-0.60        47         29         0.57372         1.900  
 0.50-0.55        49         40         0.52214         2.225  
 0.45-0.50        42         49         0.47127         2.275  
 0.40-0.45        60         68         0.42335         3.200  
 0.35-0.40        52        102         0.37484         3.850  
 0.30-0.35        55        113         0.32534         4.200  
 0.25-0.30        66        172         0.27429         5.950  
 0.20-0.25        74        284         0.22364         8.950  
 0.15-0.20       111        490         0.17363        15.025  
 0.10-0.15        83        611         0.12603        17.350  
 0.05-0.10        41        519         0.07715        14.000  
 0.00-0.05        11        480         0.02344        12.275  


Data Role=VALIDATE Target Variable=ORGYN Target Label=' '

 Posterior     Number                     Mean
Probability      of      Number of     Posterior
   Range       Events    Nonevents    Probability    Percentage

 0.95-1.00       32           1         0.97674         1.1000 
 0.90-0.95       25           0         0.92579         0.8333 
 0.85-0.90       26           5         0.87629         1.0333 
 0.80-0.85       20           3         0.82397         0.7667 
 0.75-0.80       24           4         0.77460         0.9333 
 0.70-0.75       18           7         0.72261         0.8333 
 0.65-0.70       22          16         0.67286         1.2667 
 0.60-0.65       28          15         0.61996         1.4333 
 0.55-0.60       23          17         0.57484         1.3333 
 0.50-0.55       29          25         0.52528         1.8000 
 0.45-0.50       45          37         0.47131         2.7333 
 0.40-0.45       48          49         0.42520         3.2333 
 0.35-0.40       40          61         0.37380         3.3667 
 0.30-0.35       47          95         0.32545         4.7333 
 0.25-0.30       45         133         0.27465         5.9333 
 0.20-0.25       56         232         0.22387         9.6000 
 0.15-0.20       80         371         0.17384        15.0333 
 0.10-0.15       58         505         0.12546        18.7667 
 0.05-0.10       43         360         0.07653        13.4333 
 0.00-0.05       21         334         0.02317        11.8333 
