*------------------------------------------------------------*
* Score Log
Date:                01 December 2021
Time:                17:20:51
*------------------------------------------------------------*
NOTE: This SAS session is using a registry in WORK.  All changes will be lost at the end of this session.
11907  data work.outkey;
11908  set EMWS1.Neural3_OUTKEY;
11909  if upcase(ROLE) in('HIDDEN', 'STANDARD');
11910  run;

NOTE: There were 57 observations read from the data set EMWS1.NEURAL3_OUTKEY.
NOTE: The data set WORK.OUTKEY has 11 observations and 8 variables.
NOTE: DATA statement used (Total process time):
      real time           0.01 seconds
      cpu time            0.00 seconds
      

11911  filename emflow "H:\DMU_Final Year\Data Mining\FinalCW\FinalCourseWork\Workspaces\EMWS1\Neural3\EMFLOWSCORE.sas";
11912  *------------------------------------------------------------*;
11913  * Neural3: Scoring DATA data;
11914  *------------------------------------------------------------*;
11915  data EMWS1.Neural3_TRAIN
11916  / view=EMWS1.Neural3_TRAIN
11917  ;
11918  set EMWS1.Impt2_TRAIN
11919  ;
11920  %inc emflow;
12704  run;

NOTE: DATA STEP view saved on file EMWS1.NEURAL3_TRAIN.
NOTE: A stored DATA STEP view cannot run under a different operating system.
NOTE: View EMWS1.IMPT2_TRAIN.VIEW used (Total process time):
      real time           0.07 seconds
      cpu time            0.03 seconds
      
NOTE: DATA statement used (Total process time):
      real time           0.08 seconds
      cpu time            0.03 seconds
      

12705  quit;
12706  filename emflow;
NOTE: Fileref EMFLOW has been deassigned.

12707  filename emflow "H:\DMU_Final Year\Data Mining\FinalCW\FinalCourseWork\Workspaces\EMWS1\Neural3\EMFLOWSCORE.sas";
12708  *------------------------------------------------------------*;
12709  * Neural3: Scoring VALIDATE data;
12710  *------------------------------------------------------------*;
12711  data EMWS1.Neural3_VALIDATE
12712  / view=EMWS1.Neural3_VALIDATE
12713  ;
12714  set EMWS1.Impt2_VALIDATE
12715  ;
12716  %inc emflow;
13500  run;

NOTE: DATA STEP view saved on file EMWS1.NEURAL3_VALIDATE.
NOTE: A stored DATA STEP view cannot run under a different operating system.
NOTE: View EMWS1.IMPT2_VALIDATE.VIEW used (Total process time):
      real time           0.06 seconds
      cpu time            0.06 seconds
      
NOTE: DATA statement used (Total process time):
      real time           0.07 seconds
      cpu time            0.06 seconds
      

13501  quit;
13502  filename emflow;
NOTE: Fileref EMFLOW has been deassigned.

13503  filename emflow "H:\DMU_Final Year\Data Mining\FinalCW\FinalCourseWork\Workspaces\EMWS1\Neural3\EMFLOWSCORE.sas";
13504  *------------------------------------------------------------*;
13505  * Neural3: Scoring TEST data;
13506  *------------------------------------------------------------*;
13507  data EMWS1.Neural3_TEST
13508  / view=EMWS1.Neural3_TEST
13509  ;
13510  set EMWS1.Impt2_TEST
13511  ;
13512  %inc emflow;
14296  run;

NOTE: DATA STEP view saved on file EMWS1.NEURAL3_TEST.
NOTE: A stored DATA STEP view cannot run under a different operating system.
NOTE: View EMWS1.IMPT2_TEST.VIEW used (Total process time):
      real time           0.06 seconds
      cpu time            0.03 seconds
      
NOTE: DATA statement used (Total process time):
      real time           0.07 seconds
      cpu time            0.03 seconds
      

14297  quit;
14298  filename emflow;
NOTE: Fileref EMFLOW has been deassigned.

14299  *------------------------------------------------------------*;
14300  * Neural3: Computing metadata for TRAIN data;
14301  *------------------------------------------------------------*;

NOTE: View EMWS1.NEURAL3_TRAIN.VIEW used (Total process time):
      real time           0.06 seconds
      cpu time            0.06 seconds
      
14646  data EMWS1.Neural3_EMINFO;
14647  length TARGET KEY $32 DATA $43;
14648  input TARGET KEY DATA $;
14649  cards;

NOTE: The data set EMWS1.NEURAL3_EMINFO has 3 observations and 3 variables.
NOTE: DATA statement used (Total process time):
      real time           0.02 seconds
      cpu time            0.00 seconds
      

14653  run;
14654  proc sort data = EMWS1.Neural3_EMINFO NOTHREADS;
14655  by TARGET KEY;
14656  run;

NOTE: There were 3 observations read from the data set EMWS1.NEURAL3_EMINFO.
NOTE: The data set EMWS1.NEURAL3_EMINFO has 3 observations and 3 variables.
NOTE: PROCEDURE SORT used (Total process time):
      real time           0.04 seconds
      cpu time            0.03 seconds
      

14657  proc sort data = EMWS1.FIMPORT_EMINFO OUT=WORK.SORTEDEMINFO NOTHREADS;
14658  by TARGET KEY;
14659  run;

NOTE: There were 1 observations read from the data set EMWS1.FIMPORT_EMINFO.
NOTE: The data set WORK.SORTEDEMINFO has 1 observations and 3 variables.
NOTE: PROCEDURE SORT used (Total process time):
      real time           0.01 seconds
      cpu time            0.00 seconds
      

14660  proc sort data = EMWS1.Neural3_EMINFO OUT=WORK.TEMP_INFO NOTHREADS;
14661  by TARGET KEY;
14662  run;

NOTE: Input data set is already sorted; it has been copied to the output data set.
NOTE: There were 3 observations read from the data set EMWS1.NEURAL3_EMINFO.
NOTE: The data set WORK.TEMP_INFO has 3 observations and 3 variables.
NOTE: PROCEDURE SORT used (Total process time):
      real time           0.01 seconds
      cpu time            0.01 seconds
      

14663  data EMWS1.Neural3_EMINFO;
14664  merge WORK.SORTEDEMINFO WORK.TEMP_INFO;
14665  by TARGET KEY;
14666  run;

NOTE: There were 1 observations read from the data set WORK.SORTEDEMINFO.
NOTE: There were 3 observations read from the data set WORK.TEMP_INFO.
NOTE: The data set EMWS1.NEURAL3_EMINFO has 4 observations and 3 variables.
NOTE: DATA statement used (Total process time):
      real time           0.03 seconds
      cpu time            0.01 seconds
      

14667  proc datasets lib=work nolist;
14668  delete TEMP_INFO SORTEDEMINFO;
14669  run;

NOTE: Deleting WORK.TEMP_INFO (memtype=DATA).
NOTE: Deleting WORK.SORTEDEMINFO (memtype=DATA).
14670  quit;

NOTE: PROCEDURE DATASETS used (Total process time):
      real time           0.01 seconds
      cpu time            0.01 seconds
      

NOTE: View EMWS1.NEURAL3_TRAIN.VIEW used (Total process time):
      real time           0.06 seconds
      cpu time            0.04 seconds
      
NOTE: View EMWS1.NEURAL3_VALIDATE.VIEW used (Total process time):
      real time           0.06 seconds
      cpu time            0.06 seconds
      
NOTE: View EMWS1.NEURAL3_TEST.VIEW used (Total process time):
      real time           0.07 seconds
      cpu time            0.06 seconds
      
