 
                                                                                                                                                                                                                                                                
 
 
Variable Summary

            Measurement    Frequency
Role           Level         Count

INPUT        INTERVAL          10   
INPUT        NOMINAL            6   
REJECTED     INTERVAL           2   
TARGET       BINARY             1   
 
                                                                                                                                                                                                                                                                
 
 
Model Events

                                  Number
                   Measurement      of
Target    Event       Level       Levels      Order       Label

ORGYN       1        BINARY          2      Descending         
 
                                                                                                                                                                                                                                                                
 
 
Predicted and decision variables

Type         Variable    Label

TARGET       ORGYN                         
PREDICTED    P_ORGYN1    Predicted: ORGYN=1
RESIDUAL     R_ORGYN1    Residual: ORGYN=1 
PREDICTED    P_ORGYN0    Predicted: ORGYN=0
RESIDUAL     R_ORGYN0    Residual: ORGYN=0 
FROM         F_ORGYN     From: ORGYN       
INTO         I_ORGYN     Into: ORGYN       
 
                                                                                                                                                                                                                                                                
 
 

The DMREG Procedure

                Model Information

Training Data Set              WORK.EM_DMREG.VIEW
DMDB Catalog                   WORK.REG10_DMDB   
Target Variable                ORGYN             
Target Measurement Level       Ordinal           
Number of Target Categories    2                 
Error                          MBernoulli        
Link Function                  Logit             
Number of Model Parameters     45                
Number of Observations         3023              


         Target Profile
 
 Ordered                   Total
   Value     ORGYN     Frequency

       1     1               783
       2     0              2240




Stepwise Selection Procedure


Step 0: Intercept entered.
 
                                                                                                                                                                                                                                                                
 
 

The DMREG Procedure

Newton-Raphson Ridge Optimization

Without Parameter Scaling

Parameter Estimates               1

                                             Optimization Start

Active Constraints                                  0  Objective Function                       1729.2264338
Max Abs Gradient Element                 5.901946E-13                                                       

                                            Optimization Results

Iterations                                          0  Function Calls                                      3
Hessian Calls                                       1  Active Constraints                                  0
Objective Function                       1729.2264338  Max Abs Gradient Element                 5.901946E-13
Ridge                                               0  Actual Over Pred Change                             0

Convergence criterion (ABSGCONV=0.00001) satisfied.                                               


     Likelihood Ratio Test for Global Null Hypothesis: BETA=0
 
     -2 Log Likelihood          Likelihood
  Intercept     Intercept &          Ratio
       Only      Covariates     Chi-Square       DF     Pr > ChiSq

   3458.453        3458.453         0.0000        0          .    




                                  Analysis of Maximum Likelihood Estimates
 
                                             Standard          Wald                  Standardized
Parameter                  DF    Estimate       Error    Chi-Square    Pr > ChiSq        Estimate    Exp(Est)

Intercept                   1     -1.0511      0.0415        641.00        <.0001                       0.350




Step 1: Effect LOG_AFFL entered.
 
                                                                                                                                                                                                                                                                
 
 

The DMREG Procedure

Newton-Raphson Ridge Optimization

Without Parameter Scaling

Parameter Estimates               2

                                             Optimization Start

Active Constraints                                  0  Objective Function                       1729.2264338
Max Abs Gradient Element                 120.89209729                                                       


                                                                                                        Ratio
                                                                                                      Between
                                                                                                       Actual
                                                                 Objective     Max Abs                    and
                     Function         Active        Objective     Function    Gradient              Predicted
Iter     Restarts       Calls    Constraints         Function       Change     Element     Ridge       Change

   1            0           2              0             1534        195.5     75.0733         0        1.065
   2            0           3              0             1522      12.0118      6.5160         0        1.072
   3            0           4              0             1522       0.1651      0.0989         0        1.011
   4            0           5              0             1522     0.000044    0.000026         0        1.000

                                            Optimization Results

Iterations                                          4  Function Calls                                      7
Hessian Calls                                       5  Active Constraints                                  0
Objective Function                       1521.5527581  Max Abs Gradient Element                 0.0000262692
Ridge                                               0  Actual Over Pred Change                  1.0001801655

Convergence criterion (GCONV=1E-6) satisfied.                                                     


     Likelihood Ratio Test for Global Null Hypothesis: BETA=0
 
     -2 Log Likelihood          Likelihood
  Intercept     Intercept &          Ratio
       Only      Covariates     Chi-Square       DF     Pr > ChiSq

   3458.453        3043.106       415.3474        1         <.0001


          Type 3 Analysis of Effects
 
                            Wald
Effect          DF    Chi-Square    Pr > ChiSq

LOG_AFFL         1      321.2357        <.0001


                                  Analysis of Maximum Likelihood Estimates
 
                                             Standard          Wald                  Standardized
Parameter                  DF    Estimate       Error    Chi-Square    Pr > ChiSq        Estimate    Exp(Est)

Intercept                   1     -7.3531      0.3633        409.58        <.0001                       0.001
LOG_AFFL                    1      2.7490      0.1534        321.24        <.0001          0.5505      15.626


               Odds Ratio Estimates
                         
                                              Point
Effect                                     Estimate

LOG_AFFL                                     15.626


Step 2: Effect LOG_AGE entered.
 
                                                                                                                                                                                                                                                                
 
 

The DMREG Procedure

Newton-Raphson Ridge Optimization

Without Parameter Scaling

Parameter Estimates               3

                                             Optimization Start

Active Constraints                                  0  Objective Function                       1729.2264338
Max Abs Gradient Element                 153.88954984                                                       


                                                                                                        Ratio
                                                                                                      Between
                                                                                                       Actual
                                                                 Objective     Max Abs                    and
                     Function         Active        Objective     Function    Gradient              Predicted
Iter     Restarts       Calls    Constraints         Function       Change     Element     Ridge       Change

   1            0           2              0             1425        304.1       105.1         0        1.028
   2            0           3              0             1404      21.2481     10.8862         0        1.090
   3            0           4              0             1403       0.4945      0.2851         0        1.019
   4            0           5              0             1403     0.000435    0.000250         0        1.001

                                            Optimization Results

Iterations                                          4  Function Calls                                      7
Hessian Calls                                       5  Active Constraints                                  0
Objective Function                       1403.4278769  Max Abs Gradient Element                 0.0002503567
Ridge                                               0  Actual Over Pred Change                  1.0006094745

Convergence criterion (GCONV=1E-6) satisfied.                                                     


     Likelihood Ratio Test for Global Null Hypothesis: BETA=0
 
     -2 Log Likelihood          Likelihood
  Intercept     Intercept &          Ratio
       Only      Covariates     Chi-Square       DF     Pr > ChiSq

   3458.453        2806.856       651.5971        2         <.0001


          Type 3 Analysis of Effects
 
                            Wald
Effect          DF    Chi-Square    Pr > ChiSq

LOG_AFFL         1      268.4585        <.0001
LOG_AGE          1      216.0525        <.0001


                                  Analysis of Maximum Likelihood Estimates
 
                                             Standard          Wald                  Standardized
Parameter                  DF    Estimate       Error    Chi-Square    Pr > ChiSq        Estimate    Exp(Est)

Intercept                   1      3.4622      0.7913         19.14        <.0001                      31.888
LOG_AFFL                    1      2.6268      0.1603        268.46        <.0001          0.5260      13.829
LOG_AGE                     1     -2.6810      0.1824        216.05        <.0001         -0.3848       0.068


               Odds Ratio Estimates
                         
                                              Point
Effect                                     Estimate

LOG_AFFL                                     13.829
LOG_AGE                                       0.068


Step 3: Effect GENDER entered.
 
                                                                                                                                                                                                                                                                
 
 

The DMREG Procedure

Newton-Raphson Ridge Optimization

Without Parameter Scaling

Parameter Estimates               5

                                             Optimization Start

Active Constraints                                  0  Objective Function                       1729.2264338
Max Abs Gradient Element                 209.20344029                                                       


                                                                                                        Ratio
                                                                                                      Between
                                                                                                       Actual
                                                                 Objective     Max Abs                    and
                     Function         Active        Objective     Function    Gradient              Predicted
Iter     Restarts       Calls    Constraints         Function       Change     Element     Ridge       Change

   1            0           2              0             1362        366.9       122.6         0        1.043
   2            0           3              0             1327      34.9246     17.4497         0        1.127
   3            0           4              0             1325       1.9642      1.1762         0        1.060
   4            0           5              0             1325       0.0224      0.0163         0        1.013
   5            0           6              0             1325     8.972E-6    6.839E-6         0        1.000

                                            Optimization Results

Iterations                                          5  Function Calls                                      8
Hessian Calls                                       6  Active Constraints                                  0
Objective Function                       1325.3725025  Max Abs Gradient Element                 6.8389504E-6
Ridge                                               0  Actual Over Pred Change                  1.0002990745

Convergence criterion (GCONV=1E-6) satisfied.                                                     


     Likelihood Ratio Test for Global Null Hypothesis: BETA=0
 
     -2 Log Likelihood          Likelihood
  Intercept     Intercept &          Ratio
       Only      Covariates     Chi-Square       DF     Pr > ChiSq

   3458.453        2650.745       807.7079        4         <.0001


          Type 3 Analysis of Effects
 
                            Wald
Effect          DF    Chi-Square    Pr > ChiSq

GENDER           2      123.6047        <.0001
LOG_AFFL         1      253.1956        <.0001
LOG_AGE          1      198.3377        <.0001


                                  Analysis of Maximum Likelihood Estimates
 
                                             Standard          Wald                  Standardized
Parameter                  DF    Estimate       Error    Chi-Square    Pr > ChiSq        Estimate    Exp(Est)

Intercept                   1      2.6936      0.8197         10.80        0.0010                      14.785
GENDER     F                1      1.0759      0.1061        102.75        <.0001                       2.933
GENDER     M                1      0.0544      0.1172          0.22        0.6424                       1.056
LOG_AFFL                    1      2.6046      0.1637        253.20        <.0001          0.5216      13.526
LOG_AGE                     1     -2.6499      0.1882        198.34        <.0001         -0.3803       0.071


               Odds Ratio Estimates
                         
                                              Point
Effect                                     Estimate

GENDER     F vs U                             9.081
GENDER     M vs U                             3.270
LOG_AFFL                                     13.526
LOG_AGE                                       0.071


Step 4: Effect REGION entered.
 
                                                                                                                                                                                                                                                                
 
 

The DMREG Procedure

Newton-Raphson Ridge Optimization

Without Parameter Scaling

Parameter Estimates               9

                                             Optimization Start

Active Constraints                                  0  Objective Function                       1729.2264338
Max Abs Gradient Element                 209.20344029                                                       


                                                                                                        Ratio
                                                                                                      Between
                                                                                                       Actual
                                                                 Objective     Max Abs                    and
                     Function         Active        Objective     Function    Gradient              Predicted
Iter     Restarts       Calls    Constraints         Function       Change     Element     Ridge       Change

   1            0           2              0             1358        371.4       123.3         0        1.042
   2            0           3              0             1322      35.4095     17.6657         0        1.127
   3            0           4              0             1320       2.0090      1.2009         0        1.061
   4            0           5              0             1320       0.0232      0.0168         0        1.013
   5            0           6              0             1320     9.598E-6    7.327E-6         0        1.000

                                            Optimization Results

Iterations                                          5  Function Calls                                      8
Hessian Calls                                       6  Active Constraints                                  0
Objective Function                       1320.4146649  Max Abs Gradient Element                 7.3269105E-6
Ridge                                               0  Actual Over Pred Change                  1.0003103702

Convergence criterion (GCONV=1E-6) satisfied.                                                     


     Likelihood Ratio Test for Global Null Hypothesis: BETA=0
 
     -2 Log Likelihood          Likelihood
  Intercept     Intercept &          Ratio
       Only      Covariates     Chi-Square       DF     Pr > ChiSq

   3458.453        2640.829       817.6235        8         <.0001


          Type 3 Analysis of Effects
 
                            Wald
Effect          DF    Chi-Square    Pr > ChiSq

GENDER           2      124.2732        <.0001
LOG_AFFL         1      250.5392        <.0001
LOG_AGE          1      200.9825        <.0001
REGION           4        9.9114        0.0419


                                  Analysis of Maximum Likelihood Estimates
 
                                             Standard          Wald                  Standardized
Parameter                  DF    Estimate       Error    Chi-Square    Pr > ChiSq        Estimate    Exp(Est)

Intercept                   1      2.9201      0.8272         12.46        0.0004                      18.544
GENDER     F                1      1.0833      0.1064        103.57        <.0001                       2.954
GENDER     M                1      0.0589      0.1174          0.25        0.6158                       1.061
LOG_AFFL                    1      2.5974      0.1641        250.54        <.0001          0.5201      13.428
LOG_AGE                     1     -2.6826      0.1892        200.98        <.0001         -0.3850       0.068
REGION     Midlands         1    -0.00543      0.0981          0.00        0.9559                       0.995
REGION     North            1     -0.3325      0.1126          8.72        0.0032                       0.717
REGION     Scottish         1    -0.00089      0.1638          0.00        0.9957                       0.999
REGION     South East       1     -0.0906      0.0929          0.95        0.3298                       0.913


               Odds Ratio Estimates
                         
                                              Point
Effect                                     Estimate

GENDER     F vs U                             9.258
GENDER     M vs U                             3.324
LOG_AFFL                                     13.428
LOG_AGE                                       0.068
REGION     Midlands vs South West             0.647
REGION     North vs South West                0.467
REGION     Scottish vs South West             0.650
REGION     South East vs South West           0.595


NOTE: No (additional) effects met the 0.05 significance level for entry into the model.


                          Summary of Stepwise Selection
 
             Effect             Number         Score          Wald
    Step    Entered       DF        In    Chi-Square    Chi-Square    Pr > ChiSq

       1    LOG_AFFL       1         1      367.0792                      <.0001
       2    LOG_AGE        1         2      236.5425                      <.0001
       3    GENDER         2         3      140.4805                      <.0001
       4    REGION         4         4        9.9844                      0.0407


The selected model is the model trained in the last step (Step 4). It consists of the following effects:

Intercept  GENDER  LOG_AFFL  LOG_AGE  REGION  


     Likelihood Ratio Test for Global Null Hypothesis: BETA=0
 
     -2 Log Likelihood          Likelihood
  Intercept     Intercept &          Ratio
       Only      Covariates     Chi-Square       DF     Pr > ChiSq

   3458.453        2640.829       817.6235        8         <.0001


          Type 3 Analysis of Effects
 
                            Wald
Effect          DF    Chi-Square    Pr > ChiSq

GENDER           2      124.2732        <.0001
LOG_AFFL         1      250.5392        <.0001
LOG_AGE          1      200.9825        <.0001
REGION           4        9.9114        0.0419


                                  Analysis of Maximum Likelihood Estimates
 
                                             Standard          Wald                  Standardized
Parameter                  DF    Estimate       Error    Chi-Square    Pr > ChiSq        Estimate    Exp(Est)

Intercept                   1      2.9201      0.8272         12.46        0.0004                      18.544
GENDER     F                1      1.0833      0.1064        103.57        <.0001                       2.954
GENDER     M                1      0.0589      0.1174          0.25        0.6158                       1.061
LOG_AFFL                    1      2.5974      0.1641        250.54        <.0001          0.5201      13.428
LOG_AGE                     1     -2.6826      0.1892        200.98        <.0001         -0.3850       0.068
REGION     Midlands         1    -0.00543      0.0981          0.00        0.9559                       0.995
REGION     North            1     -0.3325      0.1126          8.72        0.0032                       0.717
REGION     Scottish         1    -0.00089      0.1638          0.00        0.9957                       0.999
REGION     South East       1     -0.0906      0.0929          0.95        0.3298                       0.913


               Odds Ratio Estimates
                         
                                              Point
Effect                                     Estimate

GENDER     F vs U                             9.258
GENDER     M vs U                             3.324
LOG_AFFL                                     13.428
LOG_AGE                                       0.068
REGION     Midlands vs South West             0.647
REGION     North vs South West                0.467
REGION     Scottish vs South West             0.650
REGION     South East vs South West           0.595
