*------------------------------------------------------------*
* Report Log
Date:                29 November 2021
Time:                16:10:13
*------------------------------------------------------------*
12397  %let _nimpute = 0;
12398  data EMWS1.Impt2_RESULT;
12399  label NAME = "%sysfunc(sasmsg(sashelp.dmine, meta_name_vlabel,        NOQUOTE))" METHOD = "%sysfunc(sasmsg(sashelp.dmine, rpt_imputemethod_vlabel, NOQUOTE))" IMPUTED = "%sysfunc(sasmsg(sashelp.dmine, rpt_imputedvar_vlabel,   NOQUOTE))" INDICATOR =
12400     "%sysfunc(sasmsg(sashelp.dmine, rpt_indicatorvar_vlabel, NOQUOTE))" VALUE = "%sysfunc(sasmsg(sashelp.dmine, rpt_imputevalue_vlabel,  NOQUOTE))" ROLE = "%sysfunc(sasmsg(sashelp.dmine, meta_role_vlabel,        NOQUOTE))" LEVEL =
12401     "%sysfunc(sasmsg(sashelp.dmine, meta_level_vlabel,       NOQUOTE))" LABEL = "%sysfunc(sasmsg(sashelp.dmine, meta_label_vlabel,       NOQUOTE))" TRAIN = "%sysfunc(sasmsg(sashelp.dmine, rpt_missingcount_vlabel, NOQUOTE, TRAIN))";
12402  set EMWS1.Impt2_META(where=(IMPUTED ne '') keep=NAME METHOD IMP VALUE ROLE NMISS LEVEL LABEL rename=(IMP=IMPUTED NMISS=TRAIN)) end=eof;
12403  if eof then call symput('_nimpute', '1');
12404  run;

NOTE: Variable INDICATOR is uninitialized.
NOTE: There were 8 observations read from the data set EMWS1.IMPT2_META.
      WHERE IMPUTED not = ' ';
NOTE: The data set EMWS1.IMPT2_RESULT has 8 observations and 8 variables.
NOTE: DATA statement used (Total process time):
      real time           0.19 seconds
      cpu time            0.07 seconds
      

12405  proc print data=EMWS1.Impt2_RESULT(obs=500) label noobs;
12406  title9 "%sysfunc(sasmsg(sashelp.dmine, rpt_imputationsummary_title, NOQUOTE))";
12407  title10 "%sysfunc(sasmsg(sashelp.dmine, rpt_numberobs_title,         NOQUOTE))";
12408  run;

NOTE: There were 8 observations read from the data set EMWS1.IMPT2_RESULT.
NOTE: The PROCEDURE PRINT printed page 2.
NOTE: PROCEDURE PRINT used (Total process time):
      real time           0.03 seconds
      cpu time            0.00 seconds
      

12409  proc freq data=EMWS1.Impt2_RESULT noprint;
12410  table train /out=WORK.Impt2SUMMARY nocum;
12411  run;

NOTE: There were 8 observations read from the data set EMWS1.IMPT2_RESULT.
NOTE: The data set WORK.IMPT2SUMMARY has 7 observations and 3 variables.
NOTE: PROCEDURE FREQ used (Total process time):
      real time           0.02 seconds
      cpu time            0.00 seconds
      

12412  proc sort data=WORK.Impt2SUMMARY NOTHREADS;
12413  by descending TRAIN;
12414  run;

NOTE: There were 7 observations read from the data set WORK.IMPT2SUMMARY.
NOTE: The data set WORK.IMPT2SUMMARY has 7 observations and 3 variables.
NOTE: PROCEDURE SORT used (Total process time):
      real time           0.01 seconds
      cpu time            0.00 seconds
      

12415  proc print data=WORK.Impt2SUMMARY(obs=100) label;
12416  label COUNT = "%sysfunc(sasmsg(sashelp.dmine, rpt_varcount_vlabel,  NOQUOTE))" PERCENT = "%sysfunc(sasmsg(sashelp.dmine, rpt_varpercent_vlabel,  NOQUOTE))";
12417  title9 ' ';
12418  title10 "%sysfunc(sasmsg(sashelp.dmine, rpt_missingvardistribution_title, NOQUOTE))";
12419  run;

NOTE: There were 7 observations read from the data set WORK.IMPT2SUMMARY.
NOTE: The PROCEDURE PRINT printed page 3.
NOTE: PROCEDURE PRINT used (Total process time):
      real time           0.04 seconds
      cpu time            0.00 seconds
      

12420  data EMWS1.Impt2_EMSCOREVAR;
12421  length Name $32 formula $70 file $200;
12422  keep NAME Formula file;
12423  set EMWS1.Impt2_META end=eof;
12424  *set EMWS1.Impt2_RESULT end=eof;
12425  if M ne '' then do;
12426  NAME= M;
12427  file="IMPUTECODE\"!!strip(NAME)!!'.sas';
12428  output;
12429  end;
12430  if IMP ne '' then do;
12431  NAME= IMP;
12432  file="IMPUTECODE\"!!strip(NAME)!!'.sas';
12433  output;
12434  end;
12435  run;

NOTE: Variable formula is uninitialized.
NOTE: There were 15 observations read from the data set EMWS1.IMPT2_META.
NOTE: The data set EMWS1.IMPT2_EMSCOREVAR has 23 observations and 3 variables.
NOTE: DATA statement used (Total process time):
      real time           0.03 seconds
      cpu time            0.01 seconds
      

