 
                                                                                                                                                                                                                                                                
 
 
Fit Statistics

Target=ORGYN Target Label=' '

   Fit
Statistics    Statistics Label                    Train    Validation       Test

 _AIC_        Akaike's Information Criterion    3616.74          .           .  
 _ASE_        Average Squared Error                0.14         0.14        0.14
 _AVERR_      Average Error Function               0.45         0.45        0.45
 _DFE_        Degrees of Freedom for Error      3991.00          .           .  
 _DFM_        Model Degrees of Freedom             9.00          .           .  
 _DFT_        Total Degrees of Freedom          4000.00          .           .  
 _DIV_        Divisor for ASE                   8000.00      6000.00     6000.00
 _ERR_        Error Function                    3598.74      2729.17     2719.03
 _FPE_        Final Prediction Error               0.14          .           .  
 _MAX_        Maximum Absolute Error               0.98         0.99        0.99
 _MSE_        Mean Square Error                    0.14         0.14        0.14
 _NOBS_       Sum of Frequencies                4000.00      3000.00     3000.00
 _NW_         Number of Estimate Weights           9.00          .           .  
 _RASE_       Root Average Sum of Squares          0.38         0.38        0.38
 _RFPE_       Root Final Prediction Error          0.38          .           .  
 _RMSE_       Root Mean Squared Error              0.38         0.38        0.38
 _SBC_        Schwarz's Bayesian Criterion      3673.38          .           .  
 _SSE_        Sum of Squared Errors             1143.51       868.38      866.17
 _SUMW_       Sum of Case Weights Times Freq    8000.00      6000.00     6000.00
 _MISC_       Misclassification Rate               0.19         0.19        0.20
 
                                                                                                                                                                                                                                                                
 
 
Classification Table

Data Role=TRAIN Target Variable=ORGYN Target Label=' '

                       Target        Outcome     Frequency       Total
Target    Outcome    Percentage    Percentage      Count      Percentage

  0          0         82.3143       95.2082        2881        72.025  
  1          0         17.6857       63.5524         619        15.475  
  0          1         29.0000        4.7918         145         3.625  
  1          1         71.0000       36.4476         355         8.875  


Data Role=VALIDATE Target Variable=ORGYN Target Label=' '

                       Target        Outcome     Frequency       Total
Target    Outcome    Percentage    Percentage      Count      Percentage

  0          0         81.6449       96.2115        2184        72.8000 
  1          0         18.3551       67.2603         491        16.3667 
  0          1         26.4615        3.7885          86         2.8667 
  1          1         73.5385       32.7397         239         7.9667 
 
                                                                                                                                                                                                                                                                
 
 
Event Classification Table

Data Role=TRAIN Target=ORGYN Target Label=' '

  False       True        False       True
Negative    Negative    Positive    Positive

   619        2881         145         355  


Data Role=VALIDATE Target=ORGYN Target Label=' '

  False       True        False       True
Negative    Negative    Positive    Positive

   491        2184         86          239  
 
                                                                                                                                                                                                                                                                
 
 
Assessment Score Rankings

Data Role=TRAIN Target Variable=ORGYN Target Label=' '

                                                                                           Mean
                               Cumulative        %       Cumulative      Number of      Posterior
Depth       Gain      Lift        Lift       Response    % Response    Observations    Probability

   5     249.076    3.49076      3.49076      85.0000      85.0000          200          0.81649  
  10     208.008    2.66940      3.08008      65.0000      75.0000          200          0.61553  
  15     174.470    2.07392      2.74470      50.5000      66.8333          200          0.50272  
  20     147.947    1.68378      2.47947      41.0000      60.3750          200          0.41912  
  25     122.998    1.23203      2.22998      30.0000      54.3000          200          0.35014  
  30     102.430    0.99589      2.02430      24.2500      49.2917          200          0.29015  
  35      84.349    0.75863      1.84349      18.4727      44.8890          200          0.25917  
  40      70.915    0.76880      1.70915      18.7204      41.6179          200          0.25901  
  45      60.467    0.76880      1.60467      18.7204      39.0737          200          0.25901  
  50      52.108    0.76880      1.52108      18.7204      37.0384          200          0.25901  
  55      46.164    0.86719      1.46164      21.1161      35.5909          200          0.24959  
  60      40.914    0.83162      1.40914      20.2500      34.3125          200          0.21216  
  65      35.524    0.70842      1.35524      17.2500      33.0000          200          0.17449  
  70      29.608    0.52704      1.29608      12.8333      31.5595          200          0.14489  
  75      24.435    0.52019      1.24435      12.6667      30.3000          200          0.11597  
  80      18.583    0.30801      1.18583       7.5000      28.8750          200          0.09276  
  85      13.480    0.31828      1.13480       7.7500      27.6324          200          0.07360  
  90       8.887    0.30801      1.08887       7.5000      26.5139          200          0.05487  
  95       4.615    0.27721      1.04615       6.7500      25.4737          200          0.03641  
 100       0.000    0.12320      1.00000       3.0000      24.3500          200          0.01620  


Data Role=VALIDATE Target Variable=ORGYN Target Label=' '

                                                                                           Mean
                               Cumulative        %       Cumulative      Number of      Posterior
Depth       Gain      Lift        Lift       Response    % Response    Observations    Probability

   5     253.425    3.53425      3.53425      86.0000      86.0000          150          0.79835  
  10     208.219    2.63014      3.08219      64.0000      75.0000          150          0.58978  
  15     175.799    2.10959      2.75799      51.3333      67.1111          150          0.46527  
  20     141.096    1.36986      2.41096      33.3333      58.6667          150          0.38379  
  25     120.822    1.39726      2.20822      34.0000      53.7333          150          0.32136  
  30      99.524    0.93035      1.99524      22.6385      48.5509          150          0.26980  
  35      81.753    0.75128      1.81753      18.2810      44.2266          150          0.25901  
  40      68.425    0.75128      1.68425      18.2810      40.9834          150          0.25901  
  45      58.059    0.75128      1.58059      18.2810      38.4609          150          0.25901  
  50      49.765    0.75128      1.49765      18.2810      36.4429          150          0.25901  
  55      42.964    0.74948      1.42964      18.2374      34.7879          150          0.25391  
  60      38.014    0.83562      1.38014      20.3333      33.5833          150          0.21694  
  65      31.928    0.58904      1.31928      14.3333      32.1026          150          0.17956  
  70      27.789    0.73973      1.27789      18.0000      31.0952          150          0.14880  
  75      23.470    0.63014      1.23470      15.3333      30.0444          150          0.12613  
  80      18.664    0.46575      1.18664      11.3333      28.8750          150          0.10458  
  85      13.618    0.32877      1.13618       8.0000      27.6471          150          0.07981  
  90       9.437    0.38356      1.09437       9.3333      26.6296          150          0.05946  
  95       4.542    0.16438      1.04542       4.0000      25.4386          150          0.03973  
 100       0.000    0.13699      1.00000       3.3333      24.3333          150          0.01753  
 
                                                                                                                                                                                                                                                                
 
 
Assessment Score Distribution

Data Role=TRAIN Target Variable=ORGYN Target Label=' '

 Posterior     Number                     Mean
Probability      of      Number of     Posterior
   Range       Events    Nonevents    Probability    Percentage

 0.95-1.00        20          0         0.97041         0.500  
 0.90-0.95        22          1         0.92609         0.575  
 0.85-0.90        14          3         0.87474         0.425  
 0.80-0.85        36          4         0.82869         1.000  
 0.75-0.80        39          9         0.77187         1.200  
 0.70-0.75        35          9         0.72587         1.100  
 0.65-0.70        43         17         0.67842         1.500  
 0.60-0.65        37         22         0.62344         1.475  
 0.55-0.60        57         37         0.57420         2.350  
 0.50-0.55        52         43         0.52357         2.375  
 0.45-0.50        58         67         0.47510         3.125  
 0.40-0.45        53         69         0.42507         3.050  
 0.35-0.40        51         96         0.37487         3.675  
 0.30-0.35        41        131         0.32571         4.300  
 0.25-0.30       206        839         0.26151        26.125  
 0.20-0.25        52        195         0.22508         6.175  
 0.15-0.20        52        259         0.17325         7.775  
 0.10-0.15        44        311         0.12364         8.875  
 0.05-0.10        41        494         0.07447        13.375  
 0.00-0.05        21        420         0.02830        11.025  


Data Role=VALIDATE Target Variable=ORGYN Target Label=' '

 Posterior     Number                     Mean
Probability      of      Number of     Posterior
   Range       Events    Nonevents    Probability    Percentage

 0.95-1.00         9          0         0.96802         0.3000 
 0.90-0.95        18          0         0.92441         0.6000 
 0.85-0.90        16          0         0.86853         0.5333 
 0.80-0.85        22          3         0.82305         0.8333 
 0.75-0.80        31          2         0.77407         1.1000 
 0.70-0.75        16          6         0.72730         0.7333 
 0.65-0.70        27         17         0.67167         1.4667 
 0.60-0.65        30         17         0.62294         1.5667 
 0.55-0.60        34         17         0.57409         1.7000 
 0.50-0.55        36         24         0.52540         2.0000 
 0.45-0.50        35         35         0.47582         2.3333 
 0.40-0.45        44         53         0.42151         3.2333 
 0.35-0.40        34         78         0.37314         3.7333 
 0.30-0.35        48         78         0.32439         4.2000 
 0.25-0.30       167        711         0.26155        29.2667 
 0.20-0.25        34        140         0.22544         5.8000 
 0.15-0.20        40        195         0.17423         7.8333 
 0.10-0.15        46        292         0.12477        11.2667 
 0.05-0.10        32        320         0.07258        11.7333 
 0.00-0.05        11        282         0.02811         9.7667 
