 
                                                                                                                                                                                                                                                                
 
 
Variable Summary

            Measurement    Frequency
Role           Level         Count

INPUT        INTERVAL          8    
INPUT        NOMINAL           6    
REJECTED     INTERVAL          2    
TARGET       BINARY            1    
 
                                                                                                                                                                                                                                                                
 
 
Model Events

                                  Number
                   Measurement      of
Target    Event       Level       Levels      Order       Label

ORGYN       1        BINARY          2      Descending         
 
                                                                                                                                                                                                                                                                
 
 
Predicted and decision variables

Type         Variable    Label

TARGET       ORGYN                         
PREDICTED    P_ORGYN1    Predicted: ORGYN=1
RESIDUAL     R_ORGYN1    Residual: ORGYN=1 
PREDICTED    P_ORGYN0    Predicted: ORGYN=0
RESIDUAL     R_ORGYN0    Residual: ORGYN=0 
FROM         F_ORGYN     From: ORGYN       
INTO         I_ORGYN     Into: ORGYN       
 
                                                                                                                                                                                                                                                                
 
 

The DMREG Procedure

                Model Information

Training Data Set              WORK.EM_DMREG.VIEW
DMDB Catalog                   WORK.REG2_DMDB    
Target Variable                ORGYN             
Target Measurement Level       Ordinal           
Number of Target Categories    2                 
Error                          MBernoulli        
Link Function                  Logit             
Number of Model Parameters     43                
Number of Observations         3023              


         Target Profile
 
 Ordered                   Total
   Value     ORGYN     Frequency

       1     1               783
       2     0              2240




Forward Selection Procedure


Step 0: Intercept entered.
 
                                                                                                                                                                                                                                                                
 
 

The DMREG Procedure

Newton-Raphson Ridge Optimization

Without Parameter Scaling

Parameter Estimates               1

                                             Optimization Start

Active Constraints                                  0  Objective Function                       1729.2264338
Max Abs Gradient Element                 5.901946E-13                                                       

                                            Optimization Results

Iterations                                          0  Function Calls                                      3
Hessian Calls                                       1  Active Constraints                                  0
Objective Function                       1729.2264338  Max Abs Gradient Element                 5.901946E-13
Ridge                                               0  Actual Over Pred Change                             0

Convergence criterion (ABSGCONV=0.00001) satisfied.                                               


     Likelihood Ratio Test for Global Null Hypothesis: BETA=0
 
     -2 Log Likelihood          Likelihood
  Intercept     Intercept &          Ratio
       Only      Covariates     Chi-Square       DF     Pr > ChiSq

   3458.453        3458.453         0.0000        0          .    




                                  Analysis of Maximum Likelihood Estimates
 
                                            Standard          Wald                  Standardized
Parameter                 DF    Estimate       Error    Chi-Square    Pr > ChiSq        Estimate    Exp(Est)

Intercept                  1     -1.0511      0.0415        641.00        <.0001                       0.350




Step 1: Effect AFFL entered.
 
                                                                                                                                                                                                                                                                
 
 

The DMREG Procedure

Newton-Raphson Ridge Optimization

Without Parameter Scaling

Parameter Estimates               2

                                             Optimization Start

Active Constraints                                  0  Objective Function                       1729.2264338
Max Abs Gradient Element                  116.0753115                                                       


                                                                                                        Ratio
                                                                                                      Between
                                                                                                       Actual
                                                                 Objective     Max Abs                    and
                     Function         Active        Objective     Function    Gradient              Predicted
Iter     Restarts       Calls    Constraints         Function       Change     Element     Ridge       Change

   1            0           2              0             1518        211.3     69.0515         0        0.982
   2            0           3              0             1512       5.6458      3.0529         0        1.035
   3            0           4              0             1512       0.0190      0.0116         0        1.003
   4            0           5              0             1512     3.867E-7    2.208E-7         0        1.000

                                            Optimization Results

Iterations                                          4  Function Calls                                      7
Hessian Calls                                       5  Active Constraints                                  0
Objective Function                       1512.2595794  Max Abs Gradient Element                 2.2083924E-7
Ridge                                               0  Actual Over Pred Change                  1.0000871765

Convergence criterion (GCONV=1E-6) satisfied.                                                     


     Likelihood Ratio Test for Global Null Hypothesis: BETA=0
 
     -2 Log Likelihood          Likelihood
  Intercept     Intercept &          Ratio
       Only      Covariates     Chi-Square       DF     Pr > ChiSq

   3458.453        3024.519       433.9337        1         <.0001


         Type 3 Analysis of Effects
 
                          Wald
Effect        DF    Chi-Square    Pr > ChiSq

AFFL           1      342.0736        <.0001


                                  Analysis of Maximum Likelihood Estimates
 
                                            Standard          Wald                  Standardized
Parameter                 DF    Estimate       Error    Chi-Square    Pr > ChiSq        Estimate    Exp(Est)

Intercept                  1     -3.5598      0.1481        577.82        <.0001                       0.028
AFFL                       1      0.2684      0.0145        342.07        <.0001          0.5159       1.308


             Odds Ratio Estimates
                       
                                          Point
Effect                                 Estimate

AFFL                                      1.308


Step 2: Effect AGE entered.
 
                                                                                                                                                                                                                                                                
 
 

The DMREG Procedure

Newton-Raphson Ridge Optimization

Without Parameter Scaling

Parameter Estimates               3

                                             Optimization Start

Active Constraints                                  0  Objective Function                       1729.2264338
Max Abs Gradient Element                 173.96578147                                                       


                                                                                                        Ratio
                                                                                                      Between
                                                                                                       Actual
                                                                 Objective     Max Abs                    and
                     Function         Active        Objective     Function    Gradient              Predicted
Iter     Restarts       Calls    Constraints         Function       Change     Element     Ridge       Change

   1            0           2              0             1423        305.9     95.3652         0        1.006
   2            0           3              0             1409      14.8077      8.0830         0        1.070
   3            0           4              0             1408       0.2017      0.1230         0        1.012
   4            0           5              0             1408     0.000062    0.000036         0        1.000

                                            Optimization Results

Iterations                                          4  Function Calls                                      7
Hessian Calls                                       5  Active Constraints                                  0
Objective Function                       1408.3486587  Max Abs Gradient Element                 0.0000364858
Ridge                                               0  Actual Over Pred Change                   1.000210723

Convergence criterion (GCONV=1E-6) satisfied.                                                     


     Likelihood Ratio Test for Global Null Hypothesis: BETA=0
 
     -2 Log Likelihood          Likelihood
  Intercept     Intercept &          Ratio
       Only      Covariates     Chi-Square       DF     Pr > ChiSq

   3458.453        2816.697       641.7556        2         <.0001


         Type 3 Analysis of Effects
 
                          Wald
Effect        DF    Chi-Square    Pr > ChiSq

AFFL           1      288.3973        <.0001
AGE            1      187.9843        <.0001


                                  Analysis of Maximum Likelihood Estimates
 
                                            Standard          Wald                  Standardized
Parameter                 DF    Estimate       Error    Chi-Square    Pr > ChiSq        Estimate    Exp(Est)

Intercept                  1     -0.8365      0.2362         12.54        0.0004                       0.433
AFFL                       1      0.2586      0.0152        288.40        <.0001          0.4969       1.295
AGE                        1     -0.0510     0.00372        187.98        <.0001         -0.3756       0.950


             Odds Ratio Estimates
                       
                                          Point
Effect                                 Estimate

AFFL                                      1.295
AGE                                       0.950


Step 3: Effect GENDER entered.
 
                                                                                                                                                                                                                                                                
 
 

The DMREG Procedure

Newton-Raphson Ridge Optimization

Without Parameter Scaling

Parameter Estimates               5

                                             Optimization Start

Active Constraints                                  0  Objective Function                       1729.2264338
Max Abs Gradient Element                 209.20344029                                                       


                                                                                                        Ratio
                                                                                                      Between
                                                                                                       Actual
                                                                 Objective     Max Abs                    and
                     Function         Active        Objective     Function    Gradient              Predicted
Iter     Restarts       Calls    Constraints         Function       Change     Element     Ridge       Change

   1            0           2              0             1361        368.5       113.6         0        1.024
   2            0           3              0             1332      28.3461     14.7324         0        1.119
   3            0           4              0             1331       1.4720      0.9142         0        1.062
   4            0           5              0             1331       0.0175      0.0129         0        1.012
   5            0           6              0             1331     6.086E-6    4.651E-6         0        1.000

                                            Optimization Results

Iterations                                          5  Function Calls                                      8
Hessian Calls                                       6  Active Constraints                                  0
Objective Function                       1330.8982189  Max Abs Gradient Element                 4.6506883E-6
Ridge                                               0  Actual Over Pred Change                  1.0002477451

Convergence criterion (GCONV=1E-6) satisfied.                                                     


     Likelihood Ratio Test for Global Null Hypothesis: BETA=0
 
     -2 Log Likelihood          Likelihood
  Intercept     Intercept &          Ratio
       Only      Covariates     Chi-Square       DF     Pr > ChiSq

   3458.453        2661.796       796.6564        4         <.0001


         Type 3 Analysis of Effects
 
                          Wald
Effect        DF    Chi-Square    Pr > ChiSq

AFFL           1      271.0922        <.0001
AGE            1      170.9253        <.0001
GENDER         2      122.6024        <.0001


                                  Analysis of Maximum Likelihood Estimates
 
                                            Standard          Wald                  Standardized
Parameter                 DF    Estimate       Error    Chi-Square    Pr > ChiSq        Estimate    Exp(Est)

Intercept                  1     -1.5743      0.2599         36.68        <.0001                       0.207
AFFL                       1      0.2575      0.0156        271.09        <.0001          0.4948       1.294
AGE                        1     -0.0500     0.00382        170.93        <.0001         -0.3680       0.951
GENDER    F                1      1.0712      0.1061        101.96        <.0001                       2.919
GENDER    M                1      0.0497      0.1174          0.18        0.6719                       1.051


             Odds Ratio Estimates
                       
                                          Point
Effect                                 Estimate

AFFL                                      1.294
AGE                                       0.951
GENDER F vs U                             8.954
GENDER M vs U                             3.224


Step 4: Effect REGION entered.
 
                                                                                                                                                                                                                                                                
 
 

The DMREG Procedure

Newton-Raphson Ridge Optimization

Without Parameter Scaling

Parameter Estimates               9

                                             Optimization Start

Active Constraints                                  0  Objective Function                       1729.2264338
Max Abs Gradient Element                 209.20344029                                                       


                                                                                                        Ratio
                                                                                                      Between
                                                                                                       Actual
                                                                 Objective     Max Abs                    and
                     Function         Active        Objective     Function    Gradient              Predicted
Iter     Restarts       Calls    Constraints         Function       Change     Element     Ridge       Change

   1            0           2              0             1356        373.0       114.4         0        1.024
   2            0           3              0             1327      28.8953     14.9800         0        1.119
   3            0           4              0             1326       1.5107      0.9370         0        1.062
   4            0           5              0             1326       0.0181      0.0134         0        1.012
   5            0           6              0             1326     6.592E-6    5.048E-6         0        1.000

                                            Optimization Results

Iterations                                          5  Function Calls                                      8
Hessian Calls                                       6  Active Constraints                                  0
Objective Function                       1325.8013448  Max Abs Gradient Element                 5.0476425E-6
Ridge                                               0  Actual Over Pred Change                  1.0002582282

Convergence criterion (GCONV=1E-6) satisfied.                                                     


     Likelihood Ratio Test for Global Null Hypothesis: BETA=0
 
     -2 Log Likelihood          Likelihood
  Intercept     Intercept &          Ratio
       Only      Covariates     Chi-Square       DF     Pr > ChiSq

   3458.453        2651.603       806.8502        8         <.0001


         Type 3 Analysis of Effects
 
                          Wald
Effect        DF    Chi-Square    Pr > ChiSq

AFFL           1      268.1441        <.0001
AGE            1      173.5342        <.0001
GENDER         2      123.3735        <.0001
REGION         4       10.1593        0.0378


                                  Analysis of Maximum Likelihood Estimates
 
                                            Standard          Wald                  Standardized
Parameter                 DF    Estimate       Error    Chi-Square    Pr > ChiSq        Estimate    Exp(Est)

Intercept                  1     -1.4586      0.2672         29.80        <.0001                       0.233
AFFL                       1      0.2570      0.0157        268.14        <.0001          0.4939       1.293
AGE                        1     -0.0506     0.00384        173.53        <.0001         -0.3727       0.951
GENDER    F                1      1.0786      0.1064        102.78        <.0001                       2.941
GENDER    M                1      0.0532      0.1176          0.20        0.6512                       1.055
REGION    Midlands         1    0.000886      0.0980          0.00        0.9928                       1.001
REGION    North            1     -0.3406      0.1126          9.15        0.0025                       0.711
REGION    Scottish         1      0.0131      0.1633          0.01        0.9359                       1.013
REGION    South East       1     -0.0842      0.0928          0.82        0.3640                       0.919


             Odds Ratio Estimates
                       
                                          Point
Effect                                 Estimate

AFFL                                      1.293
AGE                                       0.951
GENDER F vs U                             9.120
GENDER M vs U                             3.271
REGION Midlands vs South West             0.664
REGION North vs South West                0.472
REGION Scottish vs South West             0.672
REGION South East vs South West           0.610


NOTE: No (additional) effects met the 0.05 significance level for entry into the model.


                   Summary of Forward Selection
 
            Effect             Number         Score
    Step    Entered      DF        In    Chi-Square    Pr > ChiSq

       1    AFFL          1         1      430.2611        <.0001
       2    AGE           1         2      202.2904        <.0001
       3    GENDER        2         3      139.2671        <.0001
       4    REGION        4         4       10.2330        0.0367


The selected model is the model trained in the last step (Step 4). It consists of the following effects:

Intercept  AFFL  AGE  GENDER  REGION  


     Likelihood Ratio Test for Global Null Hypothesis: BETA=0
 
     -2 Log Likelihood          Likelihood
  Intercept     Intercept &          Ratio
       Only      Covariates     Chi-Square       DF     Pr > ChiSq

   3458.453        2651.603       806.8502        8         <.0001


         Type 3 Analysis of Effects
 
                          Wald
Effect        DF    Chi-Square    Pr > ChiSq

AFFL           1      268.1441        <.0001
AGE            1      173.5342        <.0001
GENDER         2      123.3735        <.0001
REGION         4       10.1593        0.0378


                                  Analysis of Maximum Likelihood Estimates
 
                                            Standard          Wald                  Standardized
Parameter                 DF    Estimate       Error    Chi-Square    Pr > ChiSq        Estimate    Exp(Est)

Intercept                  1     -1.4586      0.2672         29.80        <.0001                       0.233
AFFL                       1      0.2570      0.0157        268.14        <.0001          0.4939       1.293
AGE                        1     -0.0506     0.00384        173.53        <.0001         -0.3727       0.951
GENDER    F                1      1.0786      0.1064        102.78        <.0001                       2.941
GENDER    M                1      0.0532      0.1176          0.20        0.6512                       1.055
REGION    Midlands         1    0.000886      0.0980          0.00        0.9928                       1.001
REGION    North            1     -0.3406      0.1126          9.15        0.0025                       0.711
REGION    Scottish         1      0.0131      0.1633          0.01        0.9359                       1.013
REGION    South East       1     -0.0842      0.0928          0.82        0.3640                       0.919


             Odds Ratio Estimates
                       
                                          Point
Effect                                 Estimate

AFFL                                      1.293
AGE                                       0.951
GENDER F vs U                             9.120
GENDER M vs U                             3.271
REGION Midlands vs South West             0.664
REGION North vs South West                0.472
REGION Scottish vs South West             0.672
REGION South East vs South West           0.610
