 
                                                                                                                                                                                                                                                                
 
 
Fit Statistics

Target=ORGYN Target Label=' '

   Fit
Statistics    Statistics Label                     Train    Validation       Test

 _DFT_        Total Degrees of Freedom           4000.00          .           .  
 _DFE_        Degrees of Freedom for Error       3779.00          .           .  
 _DFM_        Model Degrees of Freedom            221.00          .           .  
 _NW_         Number of Estimated Weights         221.00          .           .  
 _AIC_        Akaike's Information Criterion     3878.40          .           .  
 _SBC_        Schwarz's Bayesian Criterion       5269.39          .           .  
 _ASE_        Average Squared Error                 0.14         0.15        0.15
 _MAX_        Maximum Absolute Error                0.98         0.99        0.99
 _DIV_        Divisor for ASE                    8000.00      6000.00     6000.00
 _NOBS_       Sum of Frequencies                 4000.00      3000.00     3000.00
 _RASE_       Root Average Squared Error            0.37         0.38        0.38
 _SSE_        Sum of Squared Errors              1098.09       873.58      885.49
 _SUMW_       Sum of Case Weights Times Freq     8000.00      6000.00     6000.00
 _FPE_        Final Prediction Error                0.15          .           .  
 _MSE_        Mean Squared Error                    0.15         0.15        0.15
 _RFPE_       Root Final Prediction Error           0.39          .           .  
 _RMSE_       Root Mean Squared Error               0.38         0.38        0.38
 _AVERR_      Average Error Function                0.43         0.46        0.46
 _ERR_        Error Function                     3436.40      2755.46     2776.90
 _MISC_       Misclassification Rate                0.19         0.20        0.20
 _WRONG_      Number of Wrong Classifications     751.00       592.00      604.00
 
                                                                                                                                                                                                                                                                
 
 
Classification Table

Data Role=TRAIN Target Variable=ORGYN Target Label=' '

                       Target        Outcome     Frequency       Total
Target    Outcome    Percentage    Percentage      Count      Percentage

  0          0         82.7338       95.0099        2875        71.875  
  1          0         17.2662       61.6016         600        15.000  
  0          1         28.7619        4.9901         151         3.775  
  1          1         71.2381       38.3984         374         9.350  


Data Role=VALIDATE Target Variable=ORGYN Target Label=' '

                       Target        Outcome     Frequency       Total
Target    Outcome    Percentage    Percentage      Count      Percentage

  0          0         81.6843       95.2863        2163        72.1000 
  1          0         18.3157       66.4384         485        16.1667 
  0          1         30.3977        4.7137         107         3.5667 
  1          1         69.6023       33.5616         245         8.1667 
 
                                                                                                                                                                                                                                                                
 
 
Event Classification Table

Data Role=TRAIN Target=ORGYN Target Label=' '

  False       True        False       True
Negative    Negative    Positive    Positive

   600        2875         151         374  


Data Role=VALIDATE Target=ORGYN Target Label=' '

  False       True        False       True
Negative    Negative    Positive    Positive

   485        2163         107         245  
 
                                                                                                                                                                                                                                                                
 
 
Assessment Score Rankings

Data Role=TRAIN Target Variable=ORGYN Target Label=' '

                                                                                           Mean
                               Cumulative        %       Cumulative      Number of      Posterior
Depth       Gain      Lift        Lift       Response    % Response    Observations    Probability

   5     263.450    3.63450      3.63450      88.5000      88.5000          200          0.88438  
  10     208.008    2.52567      3.08008      61.5000      75.0000          200          0.68115  
  15     185.421    2.40246      2.85421      58.5000      69.5000          200          0.51520  
  20     156.674    1.70431      2.56674      41.5000      62.5000          200          0.40601  
  25     131.211    1.29363      2.31211      31.5000      56.3000          200          0.32075  
  30     106.850    0.85040      2.06850      20.7073      50.3679          200          0.26331  
  35      88.769    0.80286      1.88769      19.5496      45.9653          200          0.25901  
  40      75.209    0.80286      1.75209      19.5496      42.6633          200          0.25901  
  45      64.662    0.80286      1.64662      19.5496      40.0951          200          0.25901  
  50      56.224    0.80286      1.56224      19.5496      38.0406          200          0.25901  
  55      50.457    0.92789      1.50457      22.5942      36.6364          200          0.24426  
  60      45.106    0.86242      1.45106      21.0000      35.3333          200          0.19967  
  65      38.051    0.53388      1.38051      13.0000      33.6154          200          0.16751  
  70      34.057    0.82136      1.34057      20.0000      32.6429          200          0.13787  
  75      27.858    0.41068      1.27858      10.0000      31.1333          200          0.11140  
  80      22.562    0.43121      1.22562      10.5000      29.8438          200          0.08727  
  85      16.318    0.16427      1.16318       4.0000      28.3235          200          0.06537  
  90      10.769    0.16427      1.10769       4.0000      26.9722          200          0.04471  
  95       5.263    0.06160      1.05263       1.5000      25.6316          200          0.02759  
 100       0.000    0.00000      1.00000       0.0000      24.3500          200          0.01292  


Data Role=VALIDATE Target Variable=ORGYN Target Label=' '

                                                                                           Mean
                               Cumulative        %       Cumulative      Number of      Posterior
Depth       Gain      Lift        Lift       Response    % Response    Observations    Probability

   5     261.644    3.61644      3.61644      88.0000      88.0000          150          0.87117  
  10     204.110    2.46575      3.04110      60.0000      74.0000          150          0.64958  
  15     166.667    1.91781      2.66667      46.6667      64.8889          150          0.48753  
  20     141.781    1.67123      2.41781      40.6667      58.8333          150          0.38168  
  25     116.438    1.15068      2.16438      28.0000      52.6667          150          0.29892  
  30      93.821    0.80732      1.93821      19.6448      47.1630          150          0.25917  
  35      77.488    0.79492      1.77488      19.3431      43.1887          150          0.25901  
  40      65.238    0.79492      1.65238      19.3431      40.2080          150          0.25901  
  45      55.711    0.79492      1.55711      19.3431      37.8897          150          0.25901  
  50      48.089    0.79492      1.48089      19.3431      36.0350          150          0.25901  
  55      41.719    0.78012      1.41719      18.9830      34.4848          150          0.25186  
  60      38.128    0.98630      1.38128      24.0000      33.6111          150          0.21245  
  65      32.771    0.68493      1.32771      16.6667      32.3077          150          0.17952  
  70      28.180    0.68493      1.28180      16.6667      31.1905          150          0.14569  
  75      22.374    0.41096      1.22374      10.0000      29.7778          150          0.11649  
  80      17.295    0.41096      1.17295      10.0000      28.5417          150          0.08839  
  85      12.973    0.43836      1.12973      10.6667      27.4902          150          0.06648  
  90       8.676    0.35616      1.08676       8.6667      26.4444          150          0.04647  
  95       4.542    0.30137      1.04542       7.3333      25.4386          150          0.02820  
 100       0.000    0.13699      1.00000       3.3333      24.3333          150          0.01293  
 
                                                                                                                                                                                                                                                                
 
 
Assessment Score Distribution

Data Role=TRAIN Target Variable=ORGYN Target Label=' '

 Posterior     Number                     Mean
Probability      of      Number of     Posterior
   Range       Events    Nonevents    Probability    Percentage

 0.95-1.00        36          3         0.97274         0.975  
 0.90-0.95        49          3         0.92554         1.300  
 0.85-0.90        31          6         0.87599         0.925  
 0.80-0.85        45          7         0.82069         1.300  
 0.75-0.80        39         16         0.77079         1.375  
 0.70-0.75        32         15         0.72468         1.175  
 0.65-0.70        32         11         0.67665         1.075  
 0.60-0.65        27         32         0.62601         1.475  
 0.55-0.60        37         24         0.57339         1.525  
 0.50-0.55        46         34         0.52318         2.000  
 0.45-0.50        50         36         0.47286         2.150  
 0.40-0.45        42         57         0.42391         2.475  
 0.35-0.40        44         71         0.37495         2.875  
 0.30-0.35        44         88         0.32401         3.300  
 0.25-0.30       228        896         0.26086        28.100  
 0.20-0.25        44        167         0.22408         5.275  
 0.15-0.20        53        274         0.17452         8.175  
 0.10-0.15        55        328         0.12316         9.575  
 0.05-0.10        29        409         0.07405        10.950  
 0.00-0.05        11        549         0.02667        14.000  


Data Role=VALIDATE Target Variable=ORGYN Target Label=' '

 Posterior     Number                     Mean
Probability      of      Number of     Posterior
   Range       Events    Nonevents    Probability    Percentage

 0.95-1.00        27          0         0.97003         0.9000 
 0.90-0.95        25          1         0.92363         0.8667 
 0.85-0.90        33          3         0.87410         1.2000 
 0.80-0.85        27          6         0.82593         1.1000 
 0.75-0.80        21         10         0.77442         1.0333 
 0.70-0.75        22         13         0.72512         1.1667 
 0.65-0.70        21         16         0.67670         1.2333 
 0.60-0.65        26          7         0.62525         1.1000 
 0.55-0.60        22         23         0.57299         1.5000 
 0.50-0.55        21         28         0.52315         1.6333 
 0.45-0.50        34         37         0.47816         2.3667 
 0.40-0.45        37         37         0.42332         2.4667 
 0.35-0.40        32         52         0.37218         2.8000 
 0.30-0.35        25         64         0.32601         2.9667 
 0.25-0.30       188        743         0.26070        31.0333 
 0.20-0.25        37        136         0.22230         5.7667 
 0.15-0.20        42        189         0.17585         7.7000 
 0.10-0.15        30        219         0.12517         8.3000 
 0.05-0.10        39        307         0.07367        11.5333 
 0.00-0.05        21        379         0.02620        13.3333 
