*------------------------------------------------------------*
* Score Log
Date:                07 December 2021
Time:                16:11:33
*------------------------------------------------------------*
NOTE: This SAS session is using a registry in WORK.  All changes will be lost at the end of this session.
11870  data work.outkey;
11871  set EMWS1.Neural7_OUTKEY;
11872  if upcase(ROLE) in('HIDDEN', 'STANDARD');
11873  run;

NOTE: There were 59 observations read from the data set EMWS1.NEURAL7_OUTKEY.
NOTE: The data set WORK.OUTKEY has 13 observations and 8 variables.
NOTE: DATA statement used (Total process time):
      real time           0.01 seconds
      cpu time            0.01 seconds
      

11874  filename emflow "H:\DMU_Final Year\Data Mining\FinalCW\FinalCourseWork\Workspaces\EMWS1\Neural7\EMFLOWSCORE.sas";
11875  *------------------------------------------------------------*;
11876  * Neural7: Scoring DATA data;
11877  *------------------------------------------------------------*;
11878  data EMWS1.Neural7_TRAIN
11879  / view=EMWS1.Neural7_TRAIN
11880  ;
11881  set EMWS1.Part_TRAIN
11882  ;
11883  %inc emflow;
12721  run;

NOTE: DATA STEP view saved on file EMWS1.NEURAL7_TRAIN.
NOTE: A stored DATA STEP view cannot run under a different operating system.
NOTE: DATA statement used (Total process time):
      real time           0.07 seconds
      cpu time            0.01 seconds
      

12722  quit;
12723  filename emflow;
NOTE: Fileref EMFLOW has been deassigned.

12724  filename emflow "H:\DMU_Final Year\Data Mining\FinalCW\FinalCourseWork\Workspaces\EMWS1\Neural7\EMFLOWSCORE.sas";
12725  *------------------------------------------------------------*;
12726  * Neural7: Scoring VALIDATE data;
12727  *------------------------------------------------------------*;
12728  data EMWS1.Neural7_VALIDATE
12729  / view=EMWS1.Neural7_VALIDATE
12730  ;
12731  set EMWS1.Part_VALIDATE
12732  ;
12733  %inc emflow;
13571  run;

NOTE: DATA STEP view saved on file EMWS1.NEURAL7_VALIDATE.
NOTE: A stored DATA STEP view cannot run under a different operating system.
NOTE: DATA statement used (Total process time):
      real time           0.06 seconds
      cpu time            0.00 seconds
      

13572  quit;
13573  filename emflow;
NOTE: Fileref EMFLOW has been deassigned.

13574  filename emflow "H:\DMU_Final Year\Data Mining\FinalCW\FinalCourseWork\Workspaces\EMWS1\Neural7\EMFLOWSCORE.sas";
13575  *------------------------------------------------------------*;
13576  * Neural7: Scoring TEST data;
13577  *------------------------------------------------------------*;
13578  data EMWS1.Neural7_TEST
13579  / view=EMWS1.Neural7_TEST
13580  ;
13581  set EMWS1.Part_TEST
13582  ;
13583  %inc emflow;
14421  run;

NOTE: DATA STEP view saved on file EMWS1.NEURAL7_TEST.
NOTE: A stored DATA STEP view cannot run under a different operating system.
NOTE: DATA statement used (Total process time):
      real time           0.07 seconds
      cpu time            0.01 seconds
      

14422  quit;
14423  filename emflow;
NOTE: Fileref EMFLOW has been deassigned.

14424  *------------------------------------------------------------*;
14425  * Neural7: Computing metadata for TRAIN data;
14426  *------------------------------------------------------------*;

NOTE: View EMWS1.NEURAL7_TRAIN.VIEW used (Total process time):
      real time           0.05 seconds
      cpu time            0.04 seconds
      
14779  data WORK.MODELTEMP_INFO;
14780  set EMWS1.Neural7_EMINFO;
14781  where DATA='Neural7' and KEY ^in('DECDATA', 'DECMETA', 'IMPORTANCE', 'MODEL');
14782  run;

NOTE: There were 0 observations read from the data set EMWS1.NEURAL7_EMINFO.
      WHERE (DATA='Neural7') and KEY not in ('DECDATA', 'DECMETA', 'IMPORTANCE', 'MODEL');
NOTE: The data set WORK.MODELTEMP_INFO has 0 observations and 3 variables.
NOTE: DATA statement used (Total process time):
      real time           0.01 seconds
      cpu time            0.00 seconds
      

14783  data EMWS1.Neural7_EMINFO;
14784  length TARGET KEY $32 DATA $43;
14785  input TARGET KEY DATA $;
14786  cards;

NOTE: The data set EMWS1.NEURAL7_EMINFO has 3 observations and 3 variables.
NOTE: DATA statement used (Total process time):
      real time           0.04 seconds
      cpu time            0.00 seconds
      

14790  run;
14791  data EMWS1.Neural7_EMINFO;
14792  set EMWS1.Neural7_EMINFO WORK.MODELTEMP_INFO;
14793  run;

NOTE: There were 3 observations read from the data set EMWS1.NEURAL7_EMINFO.
NOTE: There were 0 observations read from the data set WORK.MODELTEMP_INFO.
NOTE: The data set EMWS1.NEURAL7_EMINFO has 3 observations and 3 variables.
NOTE: DATA statement used (Total process time):
      real time           0.12 seconds
      cpu time            0.01 seconds
      

14794  proc sort data = EMWS1.Neural7_EMINFO NOTHREADS;
14795  by TARGET KEY;
14796  run;

NOTE: There were 3 observations read from the data set EMWS1.NEURAL7_EMINFO.
NOTE: The data set EMWS1.NEURAL7_EMINFO has 3 observations and 3 variables.
NOTE: PROCEDURE SORT used (Total process time):
      real time           0.04 seconds
      cpu time            0.01 seconds
      

14797  proc sort data = EMWS1.FIMPORT_EMINFO OUT=WORK.SORTEDEMINFO NOTHREADS;
14798  by TARGET KEY;
14799  run;

NOTE: There were 1 observations read from the data set EMWS1.FIMPORT_EMINFO.
NOTE: The data set WORK.SORTEDEMINFO has 1 observations and 3 variables.
NOTE: PROCEDURE SORT used (Total process time):
      real time           0.01 seconds
      cpu time            0.00 seconds
      

14800  proc sort data = EMWS1.Neural7_EMINFO OUT=WORK.TEMP_INFO NOTHREADS;
14801  by TARGET KEY;
14802  run;

NOTE: Input data set is already sorted; it has been copied to the output data set.
NOTE: There were 3 observations read from the data set EMWS1.NEURAL7_EMINFO.
NOTE: The data set WORK.TEMP_INFO has 3 observations and 3 variables.
NOTE: PROCEDURE SORT used (Total process time):
      real time           0.01 seconds
      cpu time            0.00 seconds
      

14803  data EMWS1.Neural7_EMINFO;
14804  merge WORK.SORTEDEMINFO WORK.TEMP_INFO;
14805  by TARGET KEY;
14806  run;

NOTE: There were 1 observations read from the data set WORK.SORTEDEMINFO.
NOTE: There were 3 observations read from the data set WORK.TEMP_INFO.
NOTE: The data set EMWS1.NEURAL7_EMINFO has 4 observations and 3 variables.
NOTE: DATA statement used (Total process time):
      real time           0.03 seconds
      cpu time            0.01 seconds
      

14807  proc datasets lib=work nolist;
14808  delete TEMP_INFO SORTEDEMINFO;
14809  run;

NOTE: Deleting WORK.TEMP_INFO (memtype=DATA).
NOTE: Deleting WORK.SORTEDEMINFO (memtype=DATA).
14810  quit;

NOTE: PROCEDURE DATASETS used (Total process time):
      real time           0.01 seconds
      cpu time            0.00 seconds
      

NOTE: View EMWS1.NEURAL7_TRAIN.VIEW used (Total process time):
      real time           0.03 seconds
      cpu time            0.03 seconds
      
NOTE: View EMWS1.NEURAL7_VALIDATE.VIEW used (Total process time):
      real time           0.03 seconds
      cpu time            0.03 seconds
      
NOTE: View EMWS1.NEURAL7_TEST.VIEW used (Total process time):
      real time           0.03 seconds
      cpu time            0.04 seconds
      
